[2025-07-21T08:00:00.454Z] 定期データ取得スケジュール実行開始
[2025-07-21T08:00:00.473Z] === 日次バッチ開始 ===
[2025-07-21T08:00:00.478Z] 設定読み込み完了: Meta=true, Chatwork=true
[2025-07-21T08:00:00.478Z] 使用する日予算: undefined
[2025-07-21T08:00:00.478Z] API連携情報が未設定のためスキップ
[2025-07-21T10:00:00.261Z] 定期データ取得スケジュール実行開始
[2025-07-21T10:00:00.266Z] === 日次バッチ開始 ===
[2025-07-21T10:00:00.268Z] 設定読み込み完了: Meta=true, Chatwork=true
[2025-07-21T10:00:00.268Z] 使用する日予算: undefined
[2025-07-21T10:00:00.268Z] API連携情報が未設定のためスキップ
[2025-07-22T03:00:00.282Z] 定期データ取得スケジュール実行開始
[2025-07-22T03:00:00.321Z] === 日次バッチ開始 ===
[2025-07-22T03:00:00.336Z] 設定読み込み完了: Meta=true, Chatwork=true
[2025-07-22T03:00:00.336Z] 使用する日予算: undefined
[2025-07-22T03:00:00.337Z] API連携情報が未設定のためスキップ
[2025-07-22T08:00:00.759Z] 定期データ取得スケジュール実行開始
[2025-07-22T08:00:00.779Z] === 日次バッチ開始 ===
[2025-07-22T08:00:00.788Z] 設定読み込み完了: Meta=true, Chatwork=true
[2025-07-22T08:00:00.788Z] 使用する日予算: undefined
[2025-07-22T08:00:00.788Z] API連携情報が未設定のためスキップ
[2025-07-22T10:00:00.932Z] 定期データ取得スケジュール実行開始
[2025-07-22T10:00:00.966Z] === 日次バッチ開始 ===
[2025-07-22T10:00:00.980Z] 設定読み込み完了: Meta=true, Chatwork=true
[2025-07-22T10:00:00.980Z] 使用する日予算: undefined
[2025-07-22T10:00:00.980Z] API連携情報が未設定のためスキップ
[2025-07-23T10:00:00.335Z] 定期データ取得と更新通知開始
[2025-07-23T10:00:00.357Z] === 日次バッチ開始 ===
[2025-07-23T10:00:00.359Z] 設定読み込み完了: Meta=true, Chatwork=true
[2025-07-23T10:00:00.359Z] 使用する日予算: undefined
[2025-07-23T10:00:00.359Z] API連携情報が未設定のためスキップ
[2025-09-09T00:00:00.276Z] 朝9時のデータ取得とレポート送信開始
[2025-09-09T00:00:01.182Z] === 日次バッチ開始 ===
[2025-09-09T00:00:01.891Z] 設定読み込み完了: Meta=true, Chatwork=true
[2025-09-09T00:00:01.892Z] 使用する日予算: undefined
[2025-09-09T00:00:01.893Z] Meta広告APIからデータ取得開始
[2025-09-09T00:00:05.603Z] Meta広告データ取得失敗。data.jsonへの保存をスキップします。
[2025-09-09T00:00:05.603Z] アラートチェック開始
[2025-09-09T00:00:08.976Z] アラートチェック完了: 0件のアラート
[2025-09-09T03:00:00.079Z] 定期データ取得と更新通知開始
[2025-09-09T03:00:00.083Z] === 日次バッチ開始 ===
[2025-09-09T03:00:00.084Z] 設定読み込み完了: Meta=true, Chatwork=true
[2025-09-09T03:00:00.084Z] 使用する日予算: undefined
[2025-09-09T03:00:00.084Z] Meta広告APIからデータ取得開始
[2025-09-09T03:00:00.540Z] Meta広告データ取得失敗。data.jsonへの保存をスキップします。
[2025-09-09T03:00:00.540Z] アラートチェック開始
[2025-09-09T03:00:00.541Z] アラートチェック完了: 0件のアラート
[2025-09-09T06:00:00.537Z] 定期データ取得と更新通知開始
[2025-09-09T06:00:00.573Z] === 日次バッチ開始 ===
[2025-09-09T06:00:00.582Z] 設定読み込み完了: Meta=true, Chatwork=true
[2025-09-09T06:00:00.583Z] 使用する日予算: undefined
[2025-09-09T06:00:00.583Z] Meta広告APIからデータ取得開始
[2025-09-09T06:00:01.120Z] Meta広告データ取得失敗。data.jsonへの保存をスキップします。
[2025-09-09T06:00:01.120Z] アラートチェック開始
[2025-09-09T06:00:01.126Z] アラートチェック完了: 0件のアラート
[2025-09-09T08:00:00.380Z] 定期データ取得と更新通知開始
[2025-09-09T08:00:00.392Z] === 日次バッチ開始 ===
[2025-09-09T08:00:00.395Z] 設定読み込み完了: Meta=true, Chatwork=true
[2025-09-09T08:00:00.395Z] 使用する日予算: undefined
[2025-09-09T08:00:00.395Z] Meta広告APIからデータ取得開始
[2025-09-09T08:00:01.131Z] Meta広告データ取得失敗。data.jsonへの保存をスキップします。
[2025-09-09T08:00:01.132Z] アラートチェック開始
[2025-09-09T08:00:01.135Z] アラートチェック完了: 0件のアラート
[2025-09-09T10:00:00.785Z] 定期データ取得と更新通知開始
[2025-09-09T10:00:00.788Z] === 日次バッチ開始 ===
[2025-09-09T10:00:00.788Z] 設定読み込み完了: Meta=true, Chatwork=true
[2025-09-09T10:00:00.789Z] 使用する日予算: undefined
[2025-09-09T10:00:00.789Z] Meta広告APIからデータ取得開始
[2025-09-09T10:00:01.302Z] Meta広告データ取得失敗。data.jsonへの保存をスキップします。
[2025-09-09T10:00:01.303Z] アラートチェック開始
[2025-09-09T10:00:01.306Z] アラートチェック完了: 0件のアラート
[2025-09-11T10:00:00.609Z] 定期データ取得と更新通知開始
[2025-09-11T10:00:00.617Z] === 日次バッチ開始 ===
[2025-09-11T10:00:00.618Z] 設定読み込み完了: Meta=true, Chatwork=true
[2025-09-11T10:00:00.619Z] 使用する日予算: undefined
[2025-09-11T10:00:00.619Z] Meta広告APIからデータ取得開始
[2025-09-11T10:00:02.958Z] Meta広告データ取得失敗。data.jsonへの保存をスキップします。
[2025-09-11T10:00:02.958Z] アラートチェック開始
[2025-09-11T10:00:02.959Z] アラートチェック完了: 0件のアラート
[2025-09-12T00:00:00.201Z] 朝9時のデータ取得とレポート送信開始
[2025-09-12T00:00:00.224Z] === 日次バッチ開始 ===
[2025-09-12T00:00:00.235Z] 設定読み込み完了: Meta=true, Chatwork=true
[2025-09-12T00:00:00.235Z] 使用する日予算: undefined
[2025-09-12T00:00:00.236Z] Meta広告APIからデータ取得開始
[2025-09-12T00:00:01.271Z] Meta広告データ取得失敗。data.jsonへの保存をスキップします。
[2025-09-12T00:00:01.272Z] アラートチェック開始
[2025-09-12T00:00:01.275Z] アラートチェック完了: 0件のアラート
[2025-09-12T06:00:00.253Z] 定期データ取得と更新通知開始
[2025-09-12T06:00:00.279Z] === 日次バッチ開始 ===
[2025-09-12T06:00:00.293Z] 設定読み込み完了: Meta=true, Chatwork=true
[2025-09-12T06:00:00.293Z] 使用する日予算: undefined
[2025-09-12T06:00:00.293Z] Meta広告APIからデータ取得開始
[2025-09-12T06:00:01.032Z] Meta広告データ取得失敗。data.jsonへの保存をスキップします。
[2025-09-12T06:00:01.033Z] アラートチェック開始
[2025-09-12T06:00:01.034Z] アラートチェック完了: 0件のアラート
[2025-09-12T08:00:00.999Z] 定期データ取得と更新通知開始
[2025-09-12T08:00:01.031Z] === 日次バッチ開始 ===
[2025-09-12T08:00:01.039Z] 設定読み込み完了: Meta=true, Chatwork=true
[2025-09-12T08:00:01.039Z] 使用する日予算: undefined
[2025-09-12T08:00:01.039Z] Meta広告APIからデータ取得開始
[2025-09-12T08:00:01.761Z] Meta広告データ取得失敗。data.jsonへの保存をスキップします。
[2025-09-12T08:00:01.762Z] アラートチェック開始
[2025-09-12T08:00:01.776Z] アラートチェック完了: 0件のアラート
[2025-09-12T10:00:00.852Z] 定期データ取得と更新通知開始
[2025-09-12T10:00:02.030Z] === 日次バッチ開始 ===
[2025-09-12T10:00:03.492Z] 設定読み込み完了: Meta=true, Chatwork=true
[2025-09-12T10:00:03.494Z] 使用する日予算: undefined
[2025-09-12T10:00:03.494Z] Meta広告APIからデータ取得開始
[2025-09-12T10:00:04.228Z] Meta広告データ取得失敗。data.jsonへの保存をスキップします。
[2025-09-12T10:00:04.228Z] アラートチェック開始
[2025-09-12T10:00:04.237Z] アラートチェック完了: 0件のアラート
[2025-09-13T03:00:00.143Z] 定期データ取得と更新通知開始
[2025-09-13T03:00:00.144Z] === 日次バッチ開始 ===
[2025-09-13T03:00:00.147Z] 設定読み込み完了: Meta=true, Chatwork=true
[2025-09-13T03:00:00.147Z] 使用する日予算: undefined
[2025-09-13T03:00:00.147Z] Meta広告APIからデータ取得開始
[2025-09-13T03:00:00.931Z] Meta広告データ取得失敗。data.jsonへの保存をスキップします。
[2025-09-13T03:00:00.932Z] アラートチェック開始
[2025-09-13T03:00:00.936Z] アラートチェック完了: 0件のアラート
[2025-09-13T06:00:00.394Z] 定期データ取得と更新通知開始
[2025-09-13T06:00:00.395Z] === 日次バッチ開始 ===
[2025-09-13T06:00:00.396Z] 設定読み込み完了: Meta=true, Chatwork=true
[2025-09-13T06:00:00.396Z] 使用する日予算: undefined
[2025-09-13T06:00:00.396Z] Meta広告APIからデータ取得開始
[2025-09-13T06:00:01.040Z] Meta広告データ取得失敗。data.jsonへの保存をスキップします。
[2025-09-13T06:00:01.040Z] アラートチェック開始
[2025-09-13T06:00:01.047Z] アラートチェック完了: 0件のアラート
[2025-09-13T08:00:00.217Z] 定期データ取得と更新通知開始
[2025-09-13T08:00:00.219Z] === 日次バッチ開始 ===
[2025-09-13T08:00:00.220Z] 設定読み込み完了: Meta=true, Chatwork=true
[2025-09-13T08:00:00.220Z] 使用する日予算: undefined
[2025-09-13T08:00:00.221Z] Meta広告APIからデータ取得開始
[2025-09-13T08:00:00.846Z] Meta広告データ取得失敗。data.jsonへの保存をスキップします。
[2025-09-13T08:00:00.846Z] アラートチェック開始
[2025-09-13T08:00:00.856Z] アラートチェック完了: 0件のアラート
[2025-09-14T03:00:00.061Z] 定期データ取得と更新通知開始
[2025-09-14T03:00:00.083Z] === 日次バッチ開始 ===
[2025-09-14T03:00:00.088Z] 設定読み込み完了: Meta=true, Chatwork=true
[2025-09-14T03:00:00.088Z] 使用する日予算: undefined
[2025-09-14T03:00:00.088Z] Meta広告APIからデータ取得開始
[2025-09-14T03:00:00.689Z] Meta広告データ取得失敗。data.jsonへの保存をスキップします。
[2025-09-14T03:00:00.690Z] アラートチェック開始
[2025-09-14T03:00:00.691Z] アラートチェック完了: 0件のアラート
[2025-09-14T06:00:00.969Z] 定期データ取得と更新通知開始
[2025-09-14T06:00:01.029Z] === 日次バッチ開始 ===
[2025-09-14T06:00:01.061Z] 設定読み込み完了: Meta=true, Chatwork=true
[2025-09-14T06:00:01.061Z] 使用する日予算: undefined
[2025-09-14T06:00:01.063Z] Meta広告APIからデータ取得開始
[2025-09-14T06:00:01.873Z] Meta広告データ取得失敗。data.jsonへの保存をスキップします。
[2025-09-14T06:00:01.874Z] アラートチェック開始
[2025-09-14T06:00:01.877Z] アラートチェック完了: 0件のアラート
[2025-09-14T08:00:00.452Z] 定期データ取得と更新通知開始
[2025-09-14T08:00:00.467Z] === 日次バッチ開始 ===
[2025-09-14T08:00:00.469Z] 設定読み込み完了: Meta=true, Chatwork=true
[2025-09-14T08:00:00.470Z] 使用する日予算: undefined
[2025-09-14T08:00:00.470Z] Meta広告APIからデータ取得開始
[2025-09-14T08:00:01.095Z] Meta広告データ取得失敗。data.jsonへの保存をスキップします。
[2025-09-14T08:00:01.096Z] アラートチェック開始
[2025-09-14T08:00:01.099Z] アラートチェック完了: 0件のアラート
[2025-09-14T13:05:45.090Z] === 日次バッチ開始 (userId: b4475ace-303e-4fd1-8740-221154c9b291) ===
[2025-09-14T13:05:45.096Z] ユーザー設定読み込み完了 (userId: b4475ace-303e-4fd1-8740-221154c9b291): Meta=true, Chatwork=true
[2025-09-14T13:05:45.096Z] 使用する日予算: undefined
[2025-09-14T13:05:45.096Z] Meta広告APIからデータ取得開始
[2025-09-14T13:05:45.701Z] Meta広告データ取得成功: 1件
[2025-09-14T13:05:45.704Z] 広告データ読み込み: 33件
[2025-09-14T13:05:45.706Z] 広告データ保存完了: 34件
[2025-09-14T13:05:45.712Z] Chatwork通知送信開始 (朝9時詳細版)
[2025-09-14T13:05:46.046Z] Chatwork通知送信完了
[2025-09-14T13:05:46.047Z] 広告データ読み込み: 34件
[2025-09-14T13:05:46.048Z] アラート判定開始: サービス目標=toB_newsletter
[2025-09-14T13:05:46.048Z] 目標値設定: CPA=10000, CPM=2000, CTR=2, 予算消化率=0, CV=0
[2025-09-14T13:05:46.048Z] 最新3日間データ: 3件, 最新2日間データ: 2件
[2025-09-14T13:05:46.048Z] アラート判定結果: 0件のアラート
[2025-09-14T13:05:46.049Z] 広告データ保存完了: 34件
[2025-09-14T13:05:46.049Z] アラートがないためChatwork通知をスキップします。
[2025-09-14T13:05:46.049Z] === 日次バッチ完了 ===
[2025-09-14T13:05:46.049Z] === 日次バッチ開始 (userId: b4475ace-303e-4fd1-8740-221154c9b291) ===
[2025-09-14T13:05:46.050Z] ユーザー設定読み込み完了 (userId: b4475ace-303e-4fd1-8740-221154c9b291): Meta=true, Chatwork=true
[2025-09-14T13:05:46.050Z] 使用する日予算: undefined
[2025-09-14T13:05:46.050Z] Meta広告APIからデータ取得開始
[2025-09-14T13:05:46.401Z] Meta広告データ取得成功: 1件
[2025-09-14T13:05:46.402Z] 広告データ読み込み: 34件
[2025-09-14T13:05:46.403Z] 広告データ保存完了: 35件
[2025-09-14T13:05:46.403Z] Chatwork通知送信開始 (簡素化版)
[2025-09-14T13:05:46.555Z] Chatwork通知送信完了
[2025-09-14T13:05:46.556Z] 広告データ読み込み: 35件
[2025-09-14T13:05:46.556Z] アラート判定開始: サービス目標=toB_newsletter
[2025-09-14T13:05:46.556Z] 目標値設定: CPA=10000, CPM=2000, CTR=2, 予算消化率=0, CV=0
[2025-09-14T13:05:46.556Z] 最新3日間データ: 3件, 最新2日間データ: 2件
[2025-09-14T13:05:46.556Z] アラート判定結果: 0件のアラート
[2025-09-14T13:05:46.557Z] 広告データ保存完了: 35件
[2025-09-14T13:05:46.557Z] アラートがないためChatwork通知をスキップします。
[2025-09-14T13:05:46.557Z] === 日次バッチ完了 ===
[2025-09-15T00:00:00.104Z] 朝9時のデータ取得とレポート送信開始
[2025-09-15T00:00:00.143Z] === 全ユーザーバッチ処理開始 ===
[2025-09-15T00:00:00.171Z] アクティブユーザー数: 0
[2025-09-15T00:00:00.171Z] === 全ユーザーバッチ処理完了 ===
[2025-09-15T00:00:00.173Z] アラートチェック開始
[2025-09-15T00:00:00.176Z] アラートチェック完了: 0件のアラート
[2025-09-15T03:00:00.963Z] 定期データ取得と更新通知開始
[2025-09-15T03:00:00.968Z] === 全ユーザーバッチ処理開始 ===
[2025-09-15T03:00:00.982Z] アクティブユーザー数: 0
[2025-09-15T03:00:00.983Z] === 全ユーザーバッチ処理完了 ===
[2025-09-15T03:00:00.984Z] アラートチェック開始
[2025-09-15T03:00:00.989Z] アラートチェック完了: 0件のアラート
[2025-09-17T00:00:01.003Z] 朝9時のデータ取得とレポート送信開始
[2025-09-17T00:00:01.040Z] === 全ユーザーバッチ処理開始 ===
[2025-09-17T00:00:01.061Z] アクティブユーザー数: 0
[2025-09-17T00:00:01.061Z] === 全ユーザーバッチ処理完了 ===
[2025-09-17T00:00:01.067Z] アラートチェック開始
[2025-09-17T00:00:01.070Z] アラートチェック完了: 0件のアラート
[2025-09-20T00:00:00.242Z] 朝9時のデータ取得とレポート送信開始
[2025-09-20T00:00:00.244Z] === 全ユーザーバッチ処理開始 ===
[2025-09-20T00:00:00.251Z] アクティブユーザー数: 0
[2025-09-20T00:00:00.251Z] === 全ユーザーバッチ処理完了 ===
[2025-09-20T00:00:00.251Z] アラートチェック開始
[2025-09-20T00:00:00.252Z] アラートチェック完了: 0件のアラート
[2025-09-20T03:00:00.330Z] 定期データ取得と更新通知開始
[2025-09-20T03:00:00.332Z] === 全ユーザーバッチ処理開始 ===
[2025-09-20T03:00:00.334Z] アクティブユーザー数: 0
[2025-09-20T03:00:00.334Z] === 全ユーザーバッチ処理完了 ===
[2025-09-20T03:00:00.334Z] アラートチェック開始
[2025-09-20T03:00:00.335Z] アラートチェック完了: 0件のアラート
[2025-09-20T06:00:00.381Z] 定期データ取得と更新通知開始
[2025-09-20T06:00:00.382Z] === 全ユーザーバッチ処理開始 ===
[2025-09-20T06:00:00.384Z] アクティブユーザー数: 0
[2025-09-20T06:00:00.384Z] === 全ユーザーバッチ処理完了 ===
[2025-09-20T06:00:00.384Z] アラートチェック開始
[2025-09-20T06:00:00.385Z] アラートチェック完了: 0件のアラート
[2025-09-20T10:00:00.787Z] 定期データ取得と更新通知開始
[2025-09-20T10:00:00.795Z] === 全ユーザーバッチ処理開始 ===
[2025-09-20T10:00:00.803Z] アクティブユーザー数: 0
[2025-09-20T10:00:00.803Z] === 全ユーザーバッチ処理完了 ===
[2025-09-20T10:00:00.804Z] アラートチェック開始
[2025-09-20T10:00:00.805Z] アラートチェック完了: 0件のアラート
[2025-09-22T03:00:00.884Z] 定期データ取得と更新通知開始
[2025-09-22T03:00:00.891Z] === 全ユーザーバッチ処理開始 ===
[2025-09-22T03:00:00.900Z] アクティブユーザー数: 0
[2025-09-22T03:00:00.900Z] === 全ユーザーバッチ処理完了 ===
[2025-09-23T03:36:33.237Z] === 日次バッチ開始 (userId: b4475ace-303e-4fd1-8740-221154c9b291) ===
[2025-09-23T03:36:33.240Z] ユーザー設定読み込み完了 (userId: b4475ace-303e-4fd1-8740-221154c9b291): Meta=true, Chatwork=true
[2025-09-23T03:36:33.240Z] 使用する日予算: 3000
[2025-09-23T03:36:33.240Z] Meta広告APIからデータ取得開始
[2025-09-23T03:36:33.792Z] Meta広告データ取得成功: 1件
[2025-09-23T03:36:33.793Z] 広告データ読み込み: 35件
[2025-09-23T03:36:33.795Z] 広告データ保存完了: 36件
[2025-09-23T03:36:33.795Z] バッチ処理エラー: Cannot find module './utils/urlHelper'
Require stack:
- /Users/komiyakouhei/Desktop/meta-ads-dashboard-main 2/scheduler.js
- /Users/komiyakouhei/Desktop/meta-ads-dashboard-main 2/[eval]
[2025-09-23T03:36:33.797Z] === 日次バッチ完了 ===
[2025-09-26T00:00:00.984Z] 朝9時のデータ取得とレポート送信開始
[2025-09-26T00:00:00.994Z] === 全ユーザーバッチ処理開始 ===
[2025-09-26T00:00:01.004Z] アクティブユーザー数: 1
[2025-09-26T00:00:01.006Z] ユーザー b4475ace-303e-4fd1-8740-221154c9b291 (komiya11122@gmail.com) のバッチ処理開始
[2025-09-26T00:00:01.009Z] === 日次バッチ開始 (userId: b4475ace-303e-4fd1-8740-221154c9b291) ===
[2025-09-26T00:00:01.010Z] ユーザー設定読み込み完了 (userId: b4475ace-303e-4fd1-8740-221154c9b291): Meta=true, Chatwork=true
[2025-09-26T00:00:01.010Z] 使用する日予算: 2800
[2025-09-26T00:00:01.010Z] Meta広告APIからデータ取得開始
[2025-09-26T00:00:02.219Z] Meta広告データ取得成功: 1件
[2025-09-26T00:00:02.221Z] 広告データ読み込み: 36件
[2025-09-26T00:00:02.225Z] 広告データ保存完了: 37件
[2025-09-26T00:00:02.225Z] 通知フラグがfalseのため通知をスキップ
[2025-09-26T00:00:02.226Z] 広告データ読み込み: 37件
[2025-09-26T00:00:02.226Z] アラート判定開始: サービス目標=toB_newsletter
[2025-09-26T00:00:02.226Z] 目標値設定: CPA=6999.9, CPM=1900, CTR=1, 予算消化率=80, CV=1
[2025-09-26T00:00:02.226Z] 最新3日間データ: 3件, 最新2日間データ: 2件
[2025-09-26T00:00:02.227Z] アラート判定結果: 0件のアラート
[2025-09-26T00:00:02.228Z] 広告データ保存完了: 37件
[2025-09-26T00:00:02.228Z] アラートがないため処理をスキップします。
[2025-09-26T00:00:02.228Z] === 日次バッチ完了 ===
[2025-09-26T00:00:02.228Z] === 全ユーザーバッチ処理完了 ===
[2025-09-26T00:00:02.228Z] 統一アラートチェック開始
[2025-09-26T00:00:04.381Z] 統一アラートチェック完了: 0件のアラート
