[2025-07-21T08:00:00.454Z] 定期データ取得スケジュール実行開始
[2025-07-21T08:00:00.473Z] === 日次バッチ開始 ===
[2025-07-21T08:00:00.478Z] 設定読み込み完了: Meta=true, Chatwork=true
[2025-07-21T08:00:00.478Z] 使用する日予算: undefined
[2025-07-21T08:00:00.478Z] API連携情報が未設定のためスキップ
[2025-07-21T10:00:00.261Z] 定期データ取得スケジュール実行開始
[2025-07-21T10:00:00.266Z] === 日次バッチ開始 ===
[2025-07-21T10:00:00.268Z] 設定読み込み完了: Meta=true, Chatwork=true
[2025-07-21T10:00:00.268Z] 使用する日予算: undefined
[2025-07-21T10:00:00.268Z] API連携情報が未設定のためスキップ
[2025-07-22T03:00:00.282Z] 定期データ取得スケジュール実行開始
[2025-07-22T03:00:00.321Z] === 日次バッチ開始 ===
[2025-07-22T03:00:00.336Z] 設定読み込み完了: Meta=true, Chatwork=true
[2025-07-22T03:00:00.336Z] 使用する日予算: undefined
[2025-07-22T03:00:00.337Z] API連携情報が未設定のためスキップ
[2025-07-22T08:00:00.759Z] 定期データ取得スケジュール実行開始
[2025-07-22T08:00:00.779Z] === 日次バッチ開始 ===
[2025-07-22T08:00:00.788Z] 設定読み込み完了: Meta=true, Chatwork=true
[2025-07-22T08:00:00.788Z] 使用する日予算: undefined
[2025-07-22T08:00:00.788Z] API連携情報が未設定のためスキップ
[2025-07-22T10:00:00.932Z] 定期データ取得スケジュール実行開始
[2025-07-22T10:00:00.966Z] === 日次バッチ開始 ===
[2025-07-22T10:00:00.980Z] 設定読み込み完了: Meta=true, Chatwork=true
[2025-07-22T10:00:00.980Z] 使用する日予算: undefined
[2025-07-22T10:00:00.980Z] API連携情報が未設定のためスキップ
[2025-07-23T10:00:00.335Z] 定期データ取得と更新通知開始
[2025-07-23T10:00:00.357Z] === 日次バッチ開始 ===
[2025-07-23T10:00:00.359Z] 設定読み込み完了: Meta=true, Chatwork=true
[2025-07-23T10:00:00.359Z] 使用する日予算: undefined
[2025-07-23T10:00:00.359Z] API連携情報が未設定のためスキップ
[2025-09-09T00:00:00.276Z] 朝9時のデータ取得とレポート送信開始
[2025-09-09T00:00:01.182Z] === 日次バッチ開始 ===
[2025-09-09T00:00:01.891Z] 設定読み込み完了: Meta=true, Chatwork=true
[2025-09-09T00:00:01.892Z] 使用する日予算: undefined
[2025-09-09T00:00:01.893Z] Meta広告APIからデータ取得開始
[2025-09-09T00:00:05.603Z] Meta広告データ取得失敗。data.jsonへの保存をスキップします。
[2025-09-09T00:00:05.603Z] アラートチェック開始
[2025-09-09T00:00:08.976Z] アラートチェック完了: 0件のアラート
[2025-09-09T03:00:00.079Z] 定期データ取得と更新通知開始
[2025-09-09T03:00:00.083Z] === 日次バッチ開始 ===
[2025-09-09T03:00:00.084Z] 設定読み込み完了: Meta=true, Chatwork=true
[2025-09-09T03:00:00.084Z] 使用する日予算: undefined
[2025-09-09T03:00:00.084Z] Meta広告APIからデータ取得開始
[2025-09-09T03:00:00.540Z] Meta広告データ取得失敗。data.jsonへの保存をスキップします。
[2025-09-09T03:00:00.540Z] アラートチェック開始
[2025-09-09T03:00:00.541Z] アラートチェック完了: 0件のアラート
[2025-09-09T06:00:00.537Z] 定期データ取得と更新通知開始
[2025-09-09T06:00:00.573Z] === 日次バッチ開始 ===
[2025-09-09T06:00:00.582Z] 設定読み込み完了: Meta=true, Chatwork=true
[2025-09-09T06:00:00.583Z] 使用する日予算: undefined
[2025-09-09T06:00:00.583Z] Meta広告APIからデータ取得開始
[2025-09-09T06:00:01.120Z] Meta広告データ取得失敗。data.jsonへの保存をスキップします。
[2025-09-09T06:00:01.120Z] アラートチェック開始
[2025-09-09T06:00:01.126Z] アラートチェック完了: 0件のアラート
[2025-09-09T08:00:00.380Z] 定期データ取得と更新通知開始
[2025-09-09T08:00:00.392Z] === 日次バッチ開始 ===
[2025-09-09T08:00:00.395Z] 設定読み込み完了: Meta=true, Chatwork=true
[2025-09-09T08:00:00.395Z] 使用する日予算: undefined
[2025-09-09T08:00:00.395Z] Meta広告APIからデータ取得開始
[2025-09-09T08:00:01.131Z] Meta広告データ取得失敗。data.jsonへの保存をスキップします。
[2025-09-09T08:00:01.132Z] アラートチェック開始
[2025-09-09T08:00:01.135Z] アラートチェック完了: 0件のアラート
[2025-09-09T10:00:00.785Z] 定期データ取得と更新通知開始
[2025-09-09T10:00:00.788Z] === 日次バッチ開始 ===
[2025-09-09T10:00:00.788Z] 設定読み込み完了: Meta=true, Chatwork=true
[2025-09-09T10:00:00.789Z] 使用する日予算: undefined
[2025-09-09T10:00:00.789Z] Meta広告APIからデータ取得開始
[2025-09-09T10:00:01.302Z] Meta広告データ取得失敗。data.jsonへの保存をスキップします。
[2025-09-09T10:00:01.303Z] アラートチェック開始
[2025-09-09T10:00:01.306Z] アラートチェック完了: 0件のアラート
[2025-09-11T10:00:00.609Z] 定期データ取得と更新通知開始
[2025-09-11T10:00:00.617Z] === 日次バッチ開始 ===
[2025-09-11T10:00:00.618Z] 設定読み込み完了: Meta=true, Chatwork=true
[2025-09-11T10:00:00.619Z] 使用する日予算: undefined
[2025-09-11T10:00:00.619Z] Meta広告APIからデータ取得開始
[2025-09-11T10:00:02.958Z] Meta広告データ取得失敗。data.jsonへの保存をスキップします。
[2025-09-11T10:00:02.958Z] アラートチェック開始
[2025-09-11T10:00:02.959Z] アラートチェック完了: 0件のアラート
[2025-09-12T00:00:00.201Z] 朝9時のデータ取得とレポート送信開始
[2025-09-12T00:00:00.224Z] === 日次バッチ開始 ===
[2025-09-12T00:00:00.235Z] 設定読み込み完了: Meta=true, Chatwork=true
[2025-09-12T00:00:00.235Z] 使用する日予算: undefined
[2025-09-12T00:00:00.236Z] Meta広告APIからデータ取得開始
[2025-09-12T00:00:01.271Z] Meta広告データ取得失敗。data.jsonへの保存をスキップします。
[2025-09-12T00:00:01.272Z] アラートチェック開始
[2025-09-12T00:00:01.275Z] アラートチェック完了: 0件のアラート
[2025-09-12T06:00:00.253Z] 定期データ取得と更新通知開始
[2025-09-12T06:00:00.279Z] === 日次バッチ開始 ===
[2025-09-12T06:00:00.293Z] 設定読み込み完了: Meta=true, Chatwork=true
[2025-09-12T06:00:00.293Z] 使用する日予算: undefined
[2025-09-12T06:00:00.293Z] Meta広告APIからデータ取得開始
[2025-09-12T06:00:01.032Z] Meta広告データ取得失敗。data.jsonへの保存をスキップします。
[2025-09-12T06:00:01.033Z] アラートチェック開始
[2025-09-12T06:00:01.034Z] アラートチェック完了: 0件のアラート
[2025-09-12T08:00:00.999Z] 定期データ取得と更新通知開始
[2025-09-12T08:00:01.031Z] === 日次バッチ開始 ===
[2025-09-12T08:00:01.039Z] 設定読み込み完了: Meta=true, Chatwork=true
[2025-09-12T08:00:01.039Z] 使用する日予算: undefined
[2025-09-12T08:00:01.039Z] Meta広告APIからデータ取得開始
[2025-09-12T08:00:01.761Z] Meta広告データ取得失敗。data.jsonへの保存をスキップします。
[2025-09-12T08:00:01.762Z] アラートチェック開始
[2025-09-12T08:00:01.776Z] アラートチェック完了: 0件のアラート
[2025-09-12T10:00:00.852Z] 定期データ取得と更新通知開始
[2025-09-12T10:00:02.030Z] === 日次バッチ開始 ===
[2025-09-12T10:00:03.492Z] 設定読み込み完了: Meta=true, Chatwork=true
[2025-09-12T10:00:03.494Z] 使用する日予算: undefined
[2025-09-12T10:00:03.494Z] Meta広告APIからデータ取得開始
[2025-09-12T10:00:04.228Z] Meta広告データ取得失敗。data.jsonへの保存をスキップします。
[2025-09-12T10:00:04.228Z] アラートチェック開始
[2025-09-12T10:00:04.237Z] アラートチェック完了: 0件のアラート
[2025-09-13T03:00:00.143Z] 定期データ取得と更新通知開始
[2025-09-13T03:00:00.144Z] === 日次バッチ開始 ===
[2025-09-13T03:00:00.147Z] 設定読み込み完了: Meta=true, Chatwork=true
[2025-09-13T03:00:00.147Z] 使用する日予算: undefined
[2025-09-13T03:00:00.147Z] Meta広告APIからデータ取得開始
[2025-09-13T03:00:00.931Z] Meta広告データ取得失敗。data.jsonへの保存をスキップします。
[2025-09-13T03:00:00.932Z] アラートチェック開始
[2025-09-13T03:00:00.936Z] アラートチェック完了: 0件のアラート
[2025-09-13T06:00:00.394Z] 定期データ取得と更新通知開始
[2025-09-13T06:00:00.395Z] === 日次バッチ開始 ===
[2025-09-13T06:00:00.396Z] 設定読み込み完了: Meta=true, Chatwork=true
[2025-09-13T06:00:00.396Z] 使用する日予算: undefined
[2025-09-13T06:00:00.396Z] Meta広告APIからデータ取得開始
[2025-09-13T06:00:01.040Z] Meta広告データ取得失敗。data.jsonへの保存をスキップします。
[2025-09-13T06:00:01.040Z] アラートチェック開始
[2025-09-13T06:00:01.047Z] アラートチェック完了: 0件のアラート
[2025-09-13T08:00:00.217Z] 定期データ取得と更新通知開始
[2025-09-13T08:00:00.219Z] === 日次バッチ開始 ===
[2025-09-13T08:00:00.220Z] 設定読み込み完了: Meta=true, Chatwork=true
[2025-09-13T08:00:00.220Z] 使用する日予算: undefined
[2025-09-13T08:00:00.221Z] Meta広告APIからデータ取得開始
[2025-09-13T08:00:00.846Z] Meta広告データ取得失敗。data.jsonへの保存をスキップします。
[2025-09-13T08:00:00.846Z] アラートチェック開始
[2025-09-13T08:00:00.856Z] アラートチェック完了: 0件のアラート
[2025-09-14T03:00:00.061Z] 定期データ取得と更新通知開始
[2025-09-14T03:00:00.083Z] === 日次バッチ開始 ===
[2025-09-14T03:00:00.088Z] 設定読み込み完了: Meta=true, Chatwork=true
[2025-09-14T03:00:00.088Z] 使用する日予算: undefined
[2025-09-14T03:00:00.088Z] Meta広告APIからデータ取得開始
[2025-09-14T03:00:00.689Z] Meta広告データ取得失敗。data.jsonへの保存をスキップします。
[2025-09-14T03:00:00.690Z] アラートチェック開始
[2025-09-14T03:00:00.691Z] アラートチェック完了: 0件のアラート
[2025-09-14T06:00:00.969Z] 定期データ取得と更新通知開始
[2025-09-14T06:00:01.029Z] === 日次バッチ開始 ===
[2025-09-14T06:00:01.061Z] 設定読み込み完了: Meta=true, Chatwork=true
[2025-09-14T06:00:01.061Z] 使用する日予算: undefined
[2025-09-14T06:00:01.063Z] Meta広告APIからデータ取得開始
[2025-09-14T06:00:01.873Z] Meta広告データ取得失敗。data.jsonへの保存をスキップします。
[2025-09-14T06:00:01.874Z] アラートチェック開始
[2025-09-14T06:00:01.877Z] アラートチェック完了: 0件のアラート
[2025-09-14T08:00:00.452Z] 定期データ取得と更新通知開始
[2025-09-14T08:00:00.467Z] === 日次バッチ開始 ===
[2025-09-14T08:00:00.469Z] 設定読み込み完了: Meta=true, Chatwork=true
[2025-09-14T08:00:00.470Z] 使用する日予算: undefined
[2025-09-14T08:00:00.470Z] Meta広告APIからデータ取得開始
[2025-09-14T08:00:01.095Z] Meta広告データ取得失敗。data.jsonへの保存をスキップします。
[2025-09-14T08:00:01.096Z] アラートチェック開始
[2025-09-14T08:00:01.099Z] アラートチェック完了: 0件のアラート
[2025-09-14T13:05:45.090Z] === 日次バッチ開始 (userId: b4475ace-303e-4fd1-8740-221154c9b291) ===
[2025-09-14T13:05:45.096Z] ユーザー設定読み込み完了 (userId: b4475ace-303e-4fd1-8740-221154c9b291): Meta=true, Chatwork=true
[2025-09-14T13:05:45.096Z] 使用する日予算: undefined
[2025-09-14T13:05:45.096Z] Meta広告APIからデータ取得開始
[2025-09-14T13:05:45.701Z] Meta広告データ取得成功: 1件
[2025-09-14T13:05:45.704Z] 広告データ読み込み: 33件
[2025-09-14T13:05:45.706Z] 広告データ保存完了: 34件
[2025-09-14T13:05:45.712Z] Chatwork通知送信開始 (朝9時詳細版)
[2025-09-14T13:05:46.046Z] Chatwork通知送信完了
[2025-09-14T13:05:46.047Z] 広告データ読み込み: 34件
[2025-09-14T13:05:46.048Z] アラート判定開始: サービス目標=toB_newsletter
[2025-09-14T13:05:46.048Z] 目標値設定: CPA=10000, CPM=2000, CTR=2, 予算消化率=0, CV=0
[2025-09-14T13:05:46.048Z] 最新3日間データ: 3件, 最新2日間データ: 2件
[2025-09-14T13:05:46.048Z] アラート判定結果: 0件のアラート
[2025-09-14T13:05:46.049Z] 広告データ保存完了: 34件
[2025-09-14T13:05:46.049Z] アラートがないためChatwork通知をスキップします。
[2025-09-14T13:05:46.049Z] === 日次バッチ完了 ===
[2025-09-14T13:05:46.049Z] === 日次バッチ開始 (userId: b4475ace-303e-4fd1-8740-221154c9b291) ===
[2025-09-14T13:05:46.050Z] ユーザー設定読み込み完了 (userId: b4475ace-303e-4fd1-8740-221154c9b291): Meta=true, Chatwork=true
[2025-09-14T13:05:46.050Z] 使用する日予算: undefined
[2025-09-14T13:05:46.050Z] Meta広告APIからデータ取得開始
[2025-09-14T13:05:46.401Z] Meta広告データ取得成功: 1件
[2025-09-14T13:05:46.402Z] 広告データ読み込み: 34件
[2025-09-14T13:05:46.403Z] 広告データ保存完了: 35件
[2025-09-14T13:05:46.403Z] Chatwork通知送信開始 (簡素化版)
[2025-09-14T13:05:46.555Z] Chatwork通知送信完了
[2025-09-14T13:05:46.556Z] 広告データ読み込み: 35件
[2025-09-14T13:05:46.556Z] アラート判定開始: サービス目標=toB_newsletter
[2025-09-14T13:05:46.556Z] 目標値設定: CPA=10000, CPM=2000, CTR=2, 予算消化率=0, CV=0
[2025-09-14T13:05:46.556Z] 最新3日間データ: 3件, 最新2日間データ: 2件
[2025-09-14T13:05:46.556Z] アラート判定結果: 0件のアラート
[2025-09-14T13:05:46.557Z] 広告データ保存完了: 35件
[2025-09-14T13:05:46.557Z] アラートがないためChatwork通知をスキップします。
[2025-09-14T13:05:46.557Z] === 日次バッチ完了 ===
[2025-09-15T00:00:00.104Z] 朝9時のデータ取得とレポート送信開始
[2025-09-15T00:00:00.143Z] === 全ユーザーバッチ処理開始 ===
[2025-09-15T00:00:00.171Z] アクティブユーザー数: 0
[2025-09-15T00:00:00.171Z] === 全ユーザーバッチ処理完了 ===
[2025-09-15T00:00:00.173Z] アラートチェック開始
[2025-09-15T00:00:00.176Z] アラートチェック完了: 0件のアラート
[2025-09-15T03:00:00.963Z] 定期データ取得と更新通知開始
[2025-09-15T03:00:00.968Z] === 全ユーザーバッチ処理開始 ===
[2025-09-15T03:00:00.982Z] アクティブユーザー数: 0
[2025-09-15T03:00:00.983Z] === 全ユーザーバッチ処理完了 ===
[2025-09-15T03:00:00.984Z] アラートチェック開始
[2025-09-15T03:00:00.989Z] アラートチェック完了: 0件のアラート
[2025-09-17T00:00:01.003Z] 朝9時のデータ取得とレポート送信開始
[2025-09-17T00:00:01.040Z] === 全ユーザーバッチ処理開始 ===
[2025-09-17T00:00:01.061Z] アクティブユーザー数: 0
[2025-09-17T00:00:01.061Z] === 全ユーザーバッチ処理完了 ===
[2025-09-17T00:00:01.067Z] アラートチェック開始
[2025-09-17T00:00:01.070Z] アラートチェック完了: 0件のアラート
[2025-09-20T00:00:00.242Z] 朝9時のデータ取得とレポート送信開始
[2025-09-20T00:00:00.244Z] === 全ユーザーバッチ処理開始 ===
[2025-09-20T00:00:00.251Z] アクティブユーザー数: 0
[2025-09-20T00:00:00.251Z] === 全ユーザーバッチ処理完了 ===
[2025-09-20T00:00:00.251Z] アラートチェック開始
[2025-09-20T00:00:00.252Z] アラートチェック完了: 0件のアラート
[2025-09-20T03:00:00.330Z] 定期データ取得と更新通知開始
[2025-09-20T03:00:00.332Z] === 全ユーザーバッチ処理開始 ===
[2025-09-20T03:00:00.334Z] アクティブユーザー数: 0
[2025-09-20T03:00:00.334Z] === 全ユーザーバッチ処理完了 ===
[2025-09-20T03:00:00.334Z] アラートチェック開始
[2025-09-20T03:00:00.335Z] アラートチェック完了: 0件のアラート
[2025-09-20T06:00:00.381Z] 定期データ取得と更新通知開始
[2025-09-20T06:00:00.382Z] === 全ユーザーバッチ処理開始 ===
[2025-09-20T06:00:00.384Z] アクティブユーザー数: 0
[2025-09-20T06:00:00.384Z] === 全ユーザーバッチ処理完了 ===
[2025-09-20T06:00:00.384Z] アラートチェック開始
[2025-09-20T06:00:00.385Z] アラートチェック完了: 0件のアラート
[2025-09-20T10:00:00.787Z] 定期データ取得と更新通知開始
[2025-09-20T10:00:00.795Z] === 全ユーザーバッチ処理開始 ===
[2025-09-20T10:00:00.803Z] アクティブユーザー数: 0
[2025-09-20T10:00:00.803Z] === 全ユーザーバッチ処理完了 ===
[2025-09-20T10:00:00.804Z] アラートチェック開始
[2025-09-20T10:00:00.805Z] アラートチェック完了: 0件のアラート
[2025-09-22T03:00:00.884Z] 定期データ取得と更新通知開始
[2025-09-22T03:00:00.891Z] === 全ユーザーバッチ処理開始 ===
[2025-09-22T03:00:00.900Z] アクティブユーザー数: 0
[2025-09-22T03:00:00.900Z] === 全ユーザーバッチ処理完了 ===
[2025-09-23T03:36:33.237Z] === 日次バッチ開始 (userId: b4475ace-303e-4fd1-8740-221154c9b291) ===
[2025-09-23T03:36:33.240Z] ユーザー設定読み込み完了 (userId: b4475ace-303e-4fd1-8740-221154c9b291): Meta=true, Chatwork=true
[2025-09-23T03:36:33.240Z] 使用する日予算: 3000
[2025-09-23T03:36:33.240Z] Meta広告APIからデータ取得開始
[2025-09-23T03:36:33.792Z] Meta広告データ取得成功: 1件
[2025-09-23T03:36:33.793Z] 広告データ読み込み: 35件
[2025-09-23T03:36:33.795Z] 広告データ保存完了: 36件
[2025-09-23T03:36:33.795Z] バッチ処理エラー: Cannot find module './utils/urlHelper'
Require stack:
- /Users/komiyakouhei/Desktop/meta-ads-dashboard-main 2/scheduler.js
- /Users/komiyakouhei/Desktop/meta-ads-dashboard-main 2/[eval]
[2025-09-23T03:36:33.797Z] === 日次バッチ完了 ===
[2025-09-26T06:00:00.448Z] 定期データ取得と更新通知開始
[2025-09-26T06:00:00.454Z] === 全ユーザーバッチ処理開始 ===
[2025-09-26T06:00:00.457Z] アクティブユーザー数: 2
[2025-09-26T06:00:00.457Z] ユーザー b4475ace-303e-4fd1-8740-221154c9b291 (komiya11122@gmail.com) のバッチ処理開始
[2025-09-26T06:00:00.459Z] === 日次バッチ開始 (userId: b4475ace-303e-4fd1-8740-221154c9b291) ===
[2025-09-26T06:00:00.460Z] ユーザー設定読み込み完了 (userId: b4475ace-303e-4fd1-8740-221154c9b291): Meta=true, Chatwork=true
[2025-09-26T06:00:00.460Z] 使用する日予算: 2800
[2025-09-26T06:00:00.460Z] Meta広告APIからデータ取得開始
[2025-09-26T06:00:00.938Z] Meta広告データ取得成功: 1件
[2025-09-26T06:00:00.940Z] 広告データ読み込み: 36件
[2025-09-26T06:00:00.943Z] 広告データ保存完了: 37件
[2025-09-26T06:00:00.943Z] 通知フラグがfalseのため通知をスキップ
[2025-09-26T06:00:00.943Z] 広告データ読み込み: 37件
[2025-09-26T06:00:00.944Z] アラート判定開始: サービス目標=toB_newsletter
[2025-09-26T06:00:00.944Z] 目標値設定: CPA=6999.9, CPM=1900, CTR=1, 予算消化率=80, CV=1
[2025-09-26T06:00:00.944Z] 最新3日間データ: 3件, 最新2日間データ: 2件
[2025-09-26T06:00:00.944Z] アラート判定結果: 0件のアラート
[2025-09-26T06:00:00.945Z] 広告データ保存完了: 37件
[2025-09-26T06:00:00.945Z] アラートがないため処理をスキップします。
[2025-09-26T06:00:00.945Z] === 日次バッチ完了 ===
[2025-09-26T06:00:00.946Z] ユーザー 02d004a8-03aa-4b6e-9dd2-94a1995b4360 (hangpingxiaogong@gmail.com) のバッチ処理開始
[2025-09-26T06:00:00.946Z] === 日次バッチ開始 (userId: 02d004a8-03aa-4b6e-9dd2-94a1995b4360) ===
[2025-09-26T06:00:00.946Z] ユーザー設定読み込み完了 (userId: 02d004a8-03aa-4b6e-9dd2-94a1995b4360): Meta=true, Chatwork=true
[2025-09-26T06:00:00.946Z] 使用する日予算: 50000
[2025-09-26T06:00:00.946Z] Meta広告APIからデータ取得開始
[2025-09-26T06:00:01.350Z] Meta広告データ取得成功: 1件
[2025-09-26T06:00:01.351Z] 広告データ読み込み: 37件
[2025-09-26T06:00:01.352Z] 広告データ保存完了: 38件
[2025-09-26T06:00:01.352Z] 通知フラグがfalseのため通知をスキップ
[2025-09-26T06:00:01.353Z] 広告データ読み込み: 38件
[2025-09-26T06:00:01.353Z] アラート判定開始: サービス目標=toB_newsletter
[2025-09-26T06:00:01.353Z] 目標値設定: CPA=2000, CPM=1900, CTR=2.5, 予算消化率=80, CV=1
[2025-09-26T06:00:01.353Z] 最新3日間データ: 3件, 最新2日間データ: 2件
[2025-09-26T06:00:01.353Z] アラート判定結果: 0件のアラート
[2025-09-26T06:00:01.354Z] 広告データ保存完了: 38件
[2025-09-26T06:00:01.354Z] アラートがないため処理をスキップします。
[2025-09-26T06:00:01.354Z] === 日次バッチ完了 ===
[2025-09-26T06:00:01.354Z] === 全ユーザーバッチ処理完了 ===
[2025-09-26T06:00:01.354Z] アラートチェック開始
[2025-09-26T06:00:03.226Z] アラートチェック完了: 0件のアラート
[2025-09-26T08:00:00.243Z] 定期データ取得と更新通知開始
[2025-09-26T08:00:00.254Z] === 全ユーザーバッチ処理開始 ===
[2025-09-26T08:00:00.259Z] アクティブユーザー数: 2
[2025-09-26T08:00:00.259Z] ユーザー b4475ace-303e-4fd1-8740-221154c9b291 (komiya11122@gmail.com) のバッチ処理開始
[2025-09-26T08:00:00.261Z] === 日次バッチ開始 (userId: b4475ace-303e-4fd1-8740-221154c9b291) ===
[2025-09-26T08:00:00.262Z] ユーザー設定読み込み完了 (userId: b4475ace-303e-4fd1-8740-221154c9b291): Meta=true, Chatwork=true
[2025-09-26T08:00:00.262Z] 使用する日予算: 2800
[2025-09-26T08:00:00.262Z] Meta広告APIからデータ取得開始
[2025-09-26T08:00:00.827Z] Meta広告データ取得成功: 1件
[2025-09-26T08:00:00.829Z] 広告データ読み込み: 38件
[2025-09-26T08:00:00.831Z] 広告データ保存完了: 39件
[2025-09-26T08:00:00.832Z] 通知フラグがfalseのため通知をスキップ
[2025-09-26T08:00:00.832Z] 広告データ読み込み: 39件
[2025-09-26T08:00:00.832Z] アラート判定開始: サービス目標=toB_newsletter
[2025-09-26T08:00:00.833Z] 目標値設定: CPA=6999.9, CPM=1900, CTR=1, 予算消化率=80, CV=1
[2025-09-26T08:00:00.833Z] 最新3日間データ: 3件, 最新2日間データ: 2件
[2025-09-26T08:00:00.833Z] アラート判定結果: 0件のアラート
[2025-09-26T08:00:00.834Z] 広告データ保存完了: 39件
[2025-09-26T08:00:00.834Z] アラートがないため処理をスキップします。
[2025-09-26T08:00:00.834Z] === 日次バッチ完了 ===
[2025-09-26T08:00:00.835Z] ユーザー 02d004a8-03aa-4b6e-9dd2-94a1995b4360 (hangpingxiaogong@gmail.com) のバッチ処理開始
[2025-09-26T08:00:00.835Z] === 日次バッチ開始 (userId: 02d004a8-03aa-4b6e-9dd2-94a1995b4360) ===
[2025-09-26T08:00:00.835Z] ユーザー設定読み込み完了 (userId: 02d004a8-03aa-4b6e-9dd2-94a1995b4360): Meta=true, Chatwork=true
[2025-09-26T08:00:00.835Z] 使用する日予算: 20000
[2025-09-26T08:00:00.835Z] Meta広告APIからデータ取得開始
[2025-09-26T08:00:01.300Z] Meta広告データ取得成功: 1件
[2025-09-26T08:00:01.301Z] 広告データ読み込み: 39件
[2025-09-26T08:00:01.302Z] 広告データ保存完了: 40件
[2025-09-26T08:00:01.302Z] 通知フラグがfalseのため通知をスキップ
[2025-09-26T08:00:01.302Z] 広告データ読み込み: 40件
[2025-09-26T08:00:01.303Z] アラート判定開始: サービス目標=toB_newsletter
[2025-09-26T08:00:01.303Z] 目標値設定: CPA=2000, CPM=1900, CTR=2, 予算消化率=80, CV=1
[2025-09-26T08:00:01.303Z] 最新3日間データ: 3件, 最新2日間データ: 2件
[2025-09-26T08:00:01.303Z] アラート判定結果: 0件のアラート
[2025-09-26T08:00:01.305Z] 広告データ保存完了: 40件
[2025-09-26T08:00:01.305Z] アラートがないため処理をスキップします。
[2025-09-26T08:00:01.305Z] === 日次バッチ完了 ===
[2025-09-26T08:00:01.305Z] === 全ユーザーバッチ処理完了 ===
[2025-09-26T08:00:01.305Z] アラートチェック開始
[2025-09-26T08:00:02.727Z] アラートチェック完了: 0件のアラート
[2025-09-26T10:00:00.663Z] 定期データ取得と更新通知開始
[2025-09-26T10:00:00.685Z] === 全ユーザーバッチ処理開始 ===
[2025-09-26T10:00:00.695Z] アクティブユーザー数: 2
[2025-09-26T10:00:00.696Z] ユーザー b4475ace-303e-4fd1-8740-221154c9b291 (komiya11122@gmail.com) のバッチ処理開始
[2025-09-26T10:00:00.700Z] === 日次バッチ開始 (userId: b4475ace-303e-4fd1-8740-221154c9b291) ===
[2025-09-26T10:00:00.700Z] ユーザー設定読み込み完了 (userId: b4475ace-303e-4fd1-8740-221154c9b291): Meta=true, Chatwork=true
[2025-09-26T10:00:00.701Z] 使用する日予算: 2800
[2025-09-26T10:00:00.701Z] Meta広告APIからデータ取得開始
[2025-09-26T10:00:01.229Z] Meta広告データ取得成功: 1件
[2025-09-26T10:00:01.233Z] 広告データ読み込み: 40件
[2025-09-26T10:00:01.235Z] 広告データ保存完了: 41件
[2025-09-26T10:00:01.235Z] 通知フラグがfalseのため通知をスキップ
[2025-09-26T10:00:01.236Z] 広告データ読み込み: 41件
[2025-09-26T10:00:01.236Z] アラート判定開始: サービス目標=toB_newsletter
[2025-09-26T10:00:01.237Z] 目標値設定: CPA=6999.9, CPM=1900, CTR=1, 予算消化率=80, CV=1
[2025-09-26T10:00:01.237Z] 最新3日間データ: 3件, 最新2日間データ: 2件
[2025-09-26T10:00:01.237Z] アラート判定結果: 0件のアラート
[2025-09-26T10:00:01.238Z] 広告データ保存完了: 41件
[2025-09-26T10:00:01.238Z] アラートがないため処理をスキップします。
[2025-09-26T10:00:01.239Z] === 日次バッチ完了 ===
[2025-09-26T10:00:01.239Z] ユーザー 02d004a8-03aa-4b6e-9dd2-94a1995b4360 (hangpingxiaogong@gmail.com) のバッチ処理開始
[2025-09-26T10:00:01.239Z] === 日次バッチ開始 (userId: 02d004a8-03aa-4b6e-9dd2-94a1995b4360) ===
[2025-09-26T10:00:01.239Z] ユーザー設定読み込み完了 (userId: 02d004a8-03aa-4b6e-9dd2-94a1995b4360): Meta=true, Chatwork=true
[2025-09-26T10:00:01.240Z] 使用する日予算: 30000
[2025-09-26T10:00:01.240Z] Meta広告APIからデータ取得開始
[2025-09-26T10:00:01.626Z] Meta広告データ取得成功: 1件
[2025-09-26T10:00:01.628Z] 広告データ読み込み: 41件
[2025-09-26T10:00:01.629Z] 広告データ保存完了: 42件
[2025-09-26T10:00:01.630Z] 通知フラグがfalseのため通知をスキップ
[2025-09-26T10:00:01.630Z] 広告データ読み込み: 42件
[2025-09-26T10:00:01.630Z] アラート判定開始: サービス目標=toB_newsletter
[2025-09-26T10:00:01.631Z] 目標値設定: CPA=4900, CPM=1900, CTR=2.5, 予算消化率=80, CV=1
[2025-09-26T10:00:01.631Z] 最新3日間データ: 3件, 最新2日間データ: 2件
[2025-09-26T10:00:01.631Z] アラート判定結果: 0件のアラート
[2025-09-26T10:00:01.632Z] 広告データ保存完了: 42件
[2025-09-26T10:00:01.632Z] アラートがないため処理をスキップします。
[2025-09-26T10:00:01.632Z] === 日次バッチ完了 ===
[2025-09-26T10:00:01.632Z] === 全ユーザーバッチ処理完了 ===
[2025-09-26T10:00:01.633Z] アラートチェック開始
[2025-09-26T10:00:03.008Z] アラートチェック完了: 0件のアラート
[2025-09-26T11:47:27.240Z] 手動実行開始
[2025-09-26T11:47:27.243Z] === 全ユーザーバッチ処理開始 ===
[2025-09-26T11:47:27.244Z] アクティブユーザー数: 2
[2025-09-26T11:47:27.245Z] ユーザー b4475ace-303e-4fd1-8740-221154c9b291 (komiya11122@gmail.com) のバッチ処理開始
[2025-09-26T11:47:27.245Z] === 日次バッチ開始 (userId: b4475ace-303e-4fd1-8740-221154c9b291) ===
[2025-09-26T11:47:27.245Z] ユーザー設定読み込み完了 (userId: b4475ace-303e-4fd1-8740-221154c9b291): Meta=true, Chatwork=true
[2025-09-26T11:47:27.245Z] 使用する日予算: 2800
[2025-09-26T11:47:27.245Z] Meta広告APIからデータ取得開始
[2025-09-26T11:47:27.897Z] Meta広告データ取得成功: 1件
[2025-09-26T11:47:27.898Z] 広告データ読み込み: 42件
[2025-09-26T11:47:27.899Z] 広告データ保存完了: 43件
[2025-09-26T11:47:27.900Z] バッチ処理エラー: Cannot find module './utils/urlHelper'
Require stack:
- /Users/komiyakouhei/Desktop/meta-ads-dashboard-main 3/scheduler.js
[2025-09-26T11:47:27.902Z] === 日次バッチ完了 ===
[2025-09-26T11:47:27.902Z] ユーザー 02d004a8-03aa-4b6e-9dd2-94a1995b4360 (hangpingxiaogong@gmail.com) のバッチ処理開始
[2025-09-26T11:47:27.902Z] === 日次バッチ開始 (userId: 02d004a8-03aa-4b6e-9dd2-94a1995b4360) ===
[2025-09-26T11:47:27.903Z] ユーザー設定読み込み完了 (userId: 02d004a8-03aa-4b6e-9dd2-94a1995b4360): Meta=true, Chatwork=true
[2025-09-26T11:47:27.903Z] 使用する日予算: 30000
[2025-09-26T11:47:27.903Z] Meta広告APIからデータ取得開始
[2025-09-26T11:47:28.355Z] Meta広告データ取得成功: 1件
[2025-09-26T11:47:28.356Z] 広告データ読み込み: 43件
[2025-09-26T11:47:28.358Z] 広告データ保存完了: 44件
[2025-09-26T11:47:28.358Z] バッチ処理エラー: Cannot find module './utils/urlHelper'
Require stack:
- /Users/komiyakouhei/Desktop/meta-ads-dashboard-main 3/scheduler.js
[2025-09-26T11:47:28.358Z] === 日次バッチ完了 ===
[2025-09-26T11:47:28.358Z] === 全ユーザーバッチ処理完了 ===
[2025-09-26T11:47:28.358Z] 手動アラートチェック開始
[2025-09-26T11:48:13.231Z] 手動実行開始
[2025-09-26T11:48:13.233Z] === 全ユーザーバッチ処理開始 ===
[2025-09-26T11:48:13.234Z] アクティブユーザー数: 2
[2025-09-26T11:48:13.234Z] ユーザー b4475ace-303e-4fd1-8740-221154c9b291 (komiya11122@gmail.com) のバッチ処理開始
[2025-09-26T11:48:13.235Z] === 日次バッチ開始 (userId: b4475ace-303e-4fd1-8740-221154c9b291) ===
[2025-09-26T11:48:13.235Z] ユーザー設定読み込み完了 (userId: b4475ace-303e-4fd1-8740-221154c9b291): Meta=true, Chatwork=true
[2025-09-26T11:48:13.235Z] 使用する日予算: 2800
[2025-09-26T11:48:13.235Z] Meta広告APIからデータ取得開始
[2025-09-26T11:48:13.796Z] Meta広告データ取得成功: 1件
[2025-09-26T11:48:13.797Z] 広告データ読み込み: 44件
[2025-09-26T11:48:13.798Z] 広告データ保存完了: 45件
[2025-09-26T11:48:13.799Z] バッチ処理エラー: getDashboardUrl is not a function
[2025-09-26T11:48:13.799Z] === 日次バッチ完了 ===
[2025-09-26T11:48:13.799Z] ユーザー 02d004a8-03aa-4b6e-9dd2-94a1995b4360 (hangpingxiaogong@gmail.com) のバッチ処理開始
[2025-09-26T11:48:13.799Z] === 日次バッチ開始 (userId: 02d004a8-03aa-4b6e-9dd2-94a1995b4360) ===
[2025-09-26T11:48:13.799Z] ユーザー設定読み込み完了 (userId: 02d004a8-03aa-4b6e-9dd2-94a1995b4360): Meta=true, Chatwork=true
[2025-09-26T11:48:13.799Z] 使用する日予算: 30000
[2025-09-26T11:48:13.800Z] Meta広告APIからデータ取得開始
[2025-09-26T11:48:14.263Z] Meta広告データ取得成功: 1件
[2025-09-26T11:48:14.264Z] 広告データ読み込み: 45件
[2025-09-26T11:48:14.266Z] 広告データ保存完了: 46件
[2025-09-26T11:48:14.267Z] バッチ処理エラー: getDashboardUrl is not a function
[2025-09-26T11:48:14.267Z] === 日次バッチ完了 ===
[2025-09-26T11:48:14.267Z] === 全ユーザーバッチ処理完了 ===
[2025-09-26T11:48:14.267Z] 手動アラートチェック開始
[2025-09-26T11:48:15.388Z] 手動アラートチェック完了: 0件のアラート
[2025-10-12T00:00:00.252Z] 朝9時のデータ取得とレポート送信開始
[2025-10-12T00:00:00.269Z] === 全ユーザーバッチ処理開始 ===
[2025-10-12T00:00:00.279Z] アクティブユーザー数: 4
[2025-10-12T00:00:00.282Z] ユーザー b4475ace-303e-4fd1-8740-221154c9b291 (komiya11122@gmail.com) のバッチ処理開始
[2025-10-12T00:00:00.283Z] === 日次バッチ開始 (userId: b4475ace-303e-4fd1-8740-221154c9b291) ===
[2025-10-12T00:00:00.284Z] ユーザー設定読み込み完了 (userId: b4475ace-303e-4fd1-8740-221154c9b291): Meta=true, Chatwork=true
[2025-10-12T00:00:00.284Z] 使用する日予算: 2800
[2025-10-12T00:00:00.284Z] Meta広告APIからデータ取得開始
[2025-10-12T00:00:01.771Z] Meta広告データ取得成功: 1件
[2025-10-12T00:00:01.773Z] 広告データ読み込み: 46件
[2025-10-12T00:00:01.775Z] 広告データ保存完了: 47件
[2025-10-12T00:00:01.775Z] 通知フラグがfalseのため通知をスキップ
[2025-10-12T00:00:01.775Z] アラート判定は checkAllAlerts() で統一処理します
[2025-10-12T00:00:01.775Z] === 日次バッチ完了 ===
[2025-10-12T00:00:01.775Z] ユーザー 02d004a8-03aa-4b6e-9dd2-94a1995b4360 (hangpingxiaogong@gmail.com) のバッチ処理開始
[2025-10-12T00:00:01.775Z] === 日次バッチ開始 (userId: 02d004a8-03aa-4b6e-9dd2-94a1995b4360) ===
[2025-10-12T00:00:01.776Z] ユーザー設定読み込み完了 (userId: 02d004a8-03aa-4b6e-9dd2-94a1995b4360): Meta=true, Chatwork=true
[2025-10-12T00:00:01.776Z] 使用する日予算: 30000
[2025-10-12T00:00:01.776Z] Meta広告APIからデータ取得開始
[2025-10-12T00:00:08.714Z] Meta広告データ取得成功: 1件
[2025-10-12T00:00:08.716Z] 広告データ読み込み: 47件
[2025-10-12T00:00:08.719Z] 広告データ保存完了: 48件
[2025-10-12T00:00:08.719Z] 通知フラグがfalseのため通知をスキップ
[2025-10-12T00:00:08.719Z] アラート判定は checkAllAlerts() で統一処理します
[2025-10-12T00:00:08.719Z] === 日次バッチ完了 ===
[2025-10-12T00:00:08.720Z] ユーザー 3dab6ad4-6397-4659-b96e-88a3d59bc85b (test123@gmail.com) のバッチ処理開始
[2025-10-12T00:00:08.720Z] === 日次バッチ開始 (userId: 3dab6ad4-6397-4659-b96e-88a3d59bc85b) ===
[2025-10-12T00:00:08.720Z] ユーザー設定読み込み完了 (userId: 3dab6ad4-6397-4659-b96e-88a3d59bc85b): Meta=true, Chatwork=true
[2025-10-12T00:00:08.721Z] 使用する日予算: 1000
[2025-10-12T00:00:08.721Z] Meta広告APIからデータ取得開始
[2025-10-12T00:00:11.596Z] Meta広告データ取得成功: 1件
[2025-10-12T00:00:11.598Z] 広告データ読み込み: 48件
[2025-10-12T00:00:11.599Z] 広告データ保存完了: 49件
[2025-10-12T00:00:11.599Z] 通知フラグがfalseのため通知をスキップ
[2025-10-12T00:00:11.599Z] アラート判定は checkAllAlerts() で統一処理します
[2025-10-12T00:00:11.599Z] === 日次バッチ完了 ===
[2025-10-12T00:00:11.600Z] ユーザー 7fe7e401-a67b-40fb-bdff-0b61b67dc116 (metaapi@test.com) のバッチ処理開始
[2025-10-12T00:00:11.600Z] === 日次バッチ開始 (userId: 7fe7e401-a67b-40fb-bdff-0b61b67dc116) ===
[2025-10-12T00:00:11.600Z] ユーザー設定読み込み完了 (userId: 7fe7e401-a67b-40fb-bdff-0b61b67dc116): Meta=true, Chatwork=true
[2025-10-12T00:00:11.600Z] 使用する日予算: undefined
[2025-10-12T00:00:11.600Z] Meta広告APIからデータ取得開始
[2025-10-12T00:00:11.895Z] Meta広告データ取得成功: 1件
[2025-10-12T00:00:11.897Z] 広告データ読み込み: 49件
[2025-10-12T00:00:11.897Z] 広告データ保存完了: 50件
[2025-10-12T00:00:11.897Z] 通知フラグがfalseのため通知をスキップ
[2025-10-12T00:00:11.898Z] アラート判定は checkAllAlerts() で統一処理します
[2025-10-12T00:00:11.898Z] === 日次バッチ完了 ===
[2025-10-12T00:00:11.898Z] === 全ユーザーバッチ処理完了 ===
[2025-10-12T00:00:17.862Z] 朝9時のアラート通知送信開始
[2025-10-12T00:00:24.029Z] 朝9時のアラート通知送信完了
[2025-10-12T03:00:00.843Z] 定期データ取得と更新通知開始
[2025-10-12T03:00:00.850Z] === 全ユーザーバッチ処理開始 ===
[2025-10-12T03:00:00.861Z] アクティブユーザー数: 4
[2025-10-12T03:00:00.862Z] ユーザー b4475ace-303e-4fd1-8740-221154c9b291 (komiya11122@gmail.com) のバッチ処理開始
[2025-10-12T03:00:00.862Z] === 日次バッチ開始 (userId: b4475ace-303e-4fd1-8740-221154c9b291) ===
[2025-10-12T03:00:00.863Z] ユーザー設定読み込み完了 (userId: b4475ace-303e-4fd1-8740-221154c9b291): Meta=true, Chatwork=true
[2025-10-12T03:00:00.863Z] 使用する日予算: 2800
[2025-10-12T03:00:00.863Z] Meta広告APIからデータ取得開始
[2025-10-12T03:00:01.440Z] Meta広告データ取得成功: 1件
[2025-10-12T03:00:01.443Z] 広告データ読み込み: 50件
[2025-10-12T03:00:01.447Z] 広告データ保存完了: 51件
[2025-10-12T03:00:01.447Z] 通知フラグがfalseのため通知をスキップ
[2025-10-12T03:00:01.447Z] アラート判定は checkAllAlerts() で統一処理します
[2025-10-12T03:00:01.447Z] === 日次バッチ完了 ===
[2025-10-12T03:00:01.447Z] ユーザー 02d004a8-03aa-4b6e-9dd2-94a1995b4360 (hangpingxiaogong@gmail.com) のバッチ処理開始
[2025-10-12T03:00:01.448Z] === 日次バッチ開始 (userId: 02d004a8-03aa-4b6e-9dd2-94a1995b4360) ===
[2025-10-12T03:00:01.448Z] ユーザー設定読み込み完了 (userId: 02d004a8-03aa-4b6e-9dd2-94a1995b4360): Meta=true, Chatwork=true
[2025-10-12T03:00:01.448Z] 使用する日予算: 30000
[2025-10-12T03:00:01.448Z] Meta広告APIからデータ取得開始
[2025-10-12T03:00:01.944Z] Meta広告データ取得成功: 1件
[2025-10-12T03:00:01.946Z] 広告データ読み込み: 51件
[2025-10-12T03:00:01.948Z] 広告データ保存完了: 52件
[2025-10-12T03:00:01.949Z] 通知フラグがfalseのため通知をスキップ
[2025-10-12T03:00:01.949Z] アラート判定は checkAllAlerts() で統一処理します
[2025-10-12T03:00:01.949Z] === 日次バッチ完了 ===
[2025-10-12T03:00:01.950Z] ユーザー 3dab6ad4-6397-4659-b96e-88a3d59bc85b (test123@gmail.com) のバッチ処理開始
[2025-10-12T03:00:01.950Z] === 日次バッチ開始 (userId: 3dab6ad4-6397-4659-b96e-88a3d59bc85b) ===
[2025-10-12T03:00:01.951Z] ユーザー設定読み込み完了 (userId: 3dab6ad4-6397-4659-b96e-88a3d59bc85b): Meta=true, Chatwork=true
[2025-10-12T03:00:01.951Z] 使用する日予算: 1000
[2025-10-12T03:00:01.951Z] Meta広告APIからデータ取得開始
[2025-10-12T03:00:02.266Z] Meta広告データ取得成功: 1件
[2025-10-12T03:00:02.269Z] 広告データ読み込み: 52件
[2025-10-12T03:00:02.270Z] 広告データ保存完了: 53件
[2025-10-12T03:00:02.271Z] 通知フラグがfalseのため通知をスキップ
[2025-10-12T03:00:02.271Z] アラート判定は checkAllAlerts() で統一処理します
[2025-10-12T03:00:02.271Z] === 日次バッチ完了 ===
[2025-10-12T03:00:02.272Z] ユーザー 7fe7e401-a67b-40fb-bdff-0b61b67dc116 (metaapi@test.com) のバッチ処理開始
[2025-10-12T03:00:02.274Z] === 日次バッチ開始 (userId: 7fe7e401-a67b-40fb-bdff-0b61b67dc116) ===
[2025-10-12T03:00:02.275Z] ユーザー設定読み込み完了 (userId: 7fe7e401-a67b-40fb-bdff-0b61b67dc116): Meta=true, Chatwork=true
[2025-10-12T03:00:02.275Z] 使用する日予算: undefined
[2025-10-12T03:00:02.275Z] Meta広告APIからデータ取得開始
[2025-10-12T03:00:02.587Z] Meta広告データ取得成功: 1件
[2025-10-12T03:00:02.588Z] 広告データ読み込み: 53件
[2025-10-12T03:00:02.589Z] 広告データ保存完了: 54件
[2025-10-12T03:00:02.589Z] 通知フラグがfalseのため通知をスキップ
[2025-10-12T03:00:02.589Z] アラート判定は checkAllAlerts() で統一処理します
[2025-10-12T03:00:02.589Z] === 日次バッチ完了 ===
[2025-10-12T03:00:02.589Z] === 全ユーザーバッチ処理完了 ===
[2025-10-12T03:00:08.114Z] 12時のアラート通知送信開始
[2025-10-12T03:00:15.426Z] 12時のアラート通知送信完了
[2025-10-13T08:00:00.783Z] 定期データ取得と更新通知開始
[2025-10-13T08:00:00.790Z] === 全ユーザーバッチ処理開始 ===
[2025-10-13T08:00:00.795Z] アクティブユーザー数: 4
[2025-10-13T08:00:00.797Z] ユーザー b4475ace-303e-4fd1-8740-221154c9b291 (komiya11122@gmail.com) のバッチ処理開始
[2025-10-13T08:00:00.798Z] === 日次バッチ開始 (userId: b4475ace-303e-4fd1-8740-221154c9b291) ===
[2025-10-13T08:00:00.798Z] ユーザー設定読み込み完了 (userId: b4475ace-303e-4fd1-8740-221154c9b291): Meta=true, Chatwork=true
[2025-10-13T08:00:00.798Z] 使用する日予算: 2800
[2025-10-13T08:00:00.798Z] Meta広告APIからデータ取得開始
[2025-10-13T08:00:01.457Z] Meta広告データ取得成功: 1件
[2025-10-13T08:00:01.460Z] 広告データ読み込み: 54件
[2025-10-13T08:00:01.464Z] 広告データ保存完了: 55件
[2025-10-13T08:00:01.464Z] 通知フラグがfalseのため通知をスキップ
[2025-10-13T08:00:01.464Z] アラート判定は checkAllAlerts() で統一処理します
[2025-10-13T08:00:01.464Z] === 日次バッチ完了 ===
[2025-10-13T08:00:01.465Z] ユーザー 02d004a8-03aa-4b6e-9dd2-94a1995b4360 (hangpingxiaogong@gmail.com) のバッチ処理開始
[2025-10-13T08:00:01.465Z] === 日次バッチ開始 (userId: 02d004a8-03aa-4b6e-9dd2-94a1995b4360) ===
[2025-10-13T08:00:01.465Z] ユーザー設定読み込み完了 (userId: 02d004a8-03aa-4b6e-9dd2-94a1995b4360): Meta=true, Chatwork=true
[2025-10-13T08:00:01.465Z] 使用する日予算: 30000
[2025-10-13T08:00:01.465Z] Meta広告APIからデータ取得開始
[2025-10-13T08:00:02.051Z] Meta広告データ取得成功: 1件
[2025-10-13T08:00:02.053Z] 広告データ読み込み: 55件
[2025-10-13T08:00:02.054Z] 広告データ保存完了: 56件
[2025-10-13T08:00:02.055Z] 通知フラグがfalseのため通知をスキップ
[2025-10-13T08:00:02.055Z] アラート判定は checkAllAlerts() で統一処理します
[2025-10-13T08:00:02.055Z] === 日次バッチ完了 ===
[2025-10-13T08:00:02.055Z] ユーザー 3dab6ad4-6397-4659-b96e-88a3d59bc85b (test123@gmail.com) のバッチ処理開始
[2025-10-13T08:00:02.055Z] === 日次バッチ開始 (userId: 3dab6ad4-6397-4659-b96e-88a3d59bc85b) ===
[2025-10-13T08:00:02.056Z] ユーザー設定読み込み完了 (userId: 3dab6ad4-6397-4659-b96e-88a3d59bc85b): Meta=true, Chatwork=true
[2025-10-13T08:00:02.056Z] 使用する日予算: 1000
[2025-10-13T08:00:02.057Z] Meta広告APIからデータ取得開始
[2025-10-13T08:00:02.368Z] Meta広告データ取得成功: 1件
[2025-10-13T08:00:02.371Z] 広告データ読み込み: 56件
[2025-10-13T08:00:02.372Z] 広告データ保存完了: 57件
[2025-10-13T08:00:02.373Z] 通知フラグがfalseのため通知をスキップ
[2025-10-13T08:00:02.373Z] アラート判定は checkAllAlerts() で統一処理します
[2025-10-13T08:00:02.373Z] === 日次バッチ完了 ===
[2025-10-13T08:00:02.374Z] ユーザー 7fe7e401-a67b-40fb-bdff-0b61b67dc116 (metaapi@test.com) のバッチ処理開始
[2025-10-13T08:00:02.374Z] === 日次バッチ開始 (userId: 7fe7e401-a67b-40fb-bdff-0b61b67dc116) ===
[2025-10-13T08:00:02.374Z] ユーザー設定読み込み完了 (userId: 7fe7e401-a67b-40fb-bdff-0b61b67dc116): Meta=true, Chatwork=true
[2025-10-13T08:00:02.376Z] 使用する日予算: undefined
[2025-10-13T08:00:02.376Z] Meta広告APIからデータ取得開始
[2025-10-13T08:00:02.855Z] Meta広告データ取得成功: 1件
[2025-10-13T08:00:02.857Z] 広告データ読み込み: 57件
[2025-10-13T08:00:02.858Z] 広告データ保存完了: 58件
[2025-10-13T08:00:02.858Z] 通知フラグがfalseのため通知をスキップ
[2025-10-13T08:00:02.858Z] アラート判定は checkAllAlerts() で統一処理します
[2025-10-13T08:00:02.858Z] === 日次バッチ完了 ===
[2025-10-13T08:00:02.858Z] === 全ユーザーバッチ処理完了 ===
[2025-10-13T08:00:09.174Z] 17時のアラート通知送信開始
[2025-10-13T08:00:16.139Z] 17時のアラート通知送信完了
[2025-10-13T10:00:00.378Z] 定期データ取得と更新通知開始
[2025-10-13T10:00:00.395Z] === 全ユーザーバッチ処理開始 ===
[2025-10-13T10:00:00.410Z] アクティブユーザー数: 4
[2025-10-13T10:00:00.415Z] ユーザー b4475ace-303e-4fd1-8740-221154c9b291 (komiya11122@gmail.com) のバッチ処理開始
[2025-10-13T10:00:00.415Z] === 日次バッチ開始 (userId: b4475ace-303e-4fd1-8740-221154c9b291) ===
[2025-10-13T10:00:00.416Z] ユーザー設定読み込み完了 (userId: b4475ace-303e-4fd1-8740-221154c9b291): Meta=true, Chatwork=true
[2025-10-13T10:00:00.416Z] 使用する日予算: 2800
[2025-10-13T10:00:00.416Z] Meta広告APIからデータ取得開始
[2025-10-13T10:00:01.020Z] Meta広告データ取得成功: 1件
[2025-10-13T10:00:01.024Z] 広告データ読み込み: 58件
[2025-10-13T10:00:01.026Z] 広告データ保存完了: 59件
[2025-10-13T10:00:01.026Z] 通知フラグがfalseのため通知をスキップ
[2025-10-13T10:00:01.026Z] アラート判定は checkAllAlerts() で統一処理します
[2025-10-13T10:00:01.026Z] === 日次バッチ完了 ===
[2025-10-13T10:00:01.027Z] ユーザー 02d004a8-03aa-4b6e-9dd2-94a1995b4360 (hangpingxiaogong@gmail.com) のバッチ処理開始
[2025-10-13T10:00:01.027Z] === 日次バッチ開始 (userId: 02d004a8-03aa-4b6e-9dd2-94a1995b4360) ===
[2025-10-13T10:00:01.027Z] ユーザー設定読み込み完了 (userId: 02d004a8-03aa-4b6e-9dd2-94a1995b4360): Meta=true, Chatwork=true
[2025-10-13T10:00:01.028Z] 使用する日予算: 30000
[2025-10-13T10:00:01.028Z] Meta広告APIからデータ取得開始
[2025-10-13T10:00:01.814Z] Meta広告データ取得成功: 1件
[2025-10-13T10:00:01.815Z] 広告データ読み込み: 59件
[2025-10-13T10:00:01.816Z] 広告データ保存完了: 60件
[2025-10-13T10:00:01.816Z] 通知フラグがfalseのため通知をスキップ
[2025-10-13T10:00:01.816Z] アラート判定は checkAllAlerts() で統一処理します
[2025-10-13T10:00:01.816Z] === 日次バッチ完了 ===
[2025-10-13T10:00:01.818Z] ユーザー 3dab6ad4-6397-4659-b96e-88a3d59bc85b (test123@gmail.com) のバッチ処理開始
[2025-10-13T10:00:01.818Z] === 日次バッチ開始 (userId: 3dab6ad4-6397-4659-b96e-88a3d59bc85b) ===
[2025-10-13T10:00:01.819Z] ユーザー設定読み込み完了 (userId: 3dab6ad4-6397-4659-b96e-88a3d59bc85b): Meta=true, Chatwork=true
[2025-10-13T10:00:01.819Z] 使用する日予算: 1000
[2025-10-13T10:00:01.819Z] Meta広告APIからデータ取得開始
[2025-10-13T10:00:02.131Z] Meta広告データ取得成功: 1件
[2025-10-13T10:00:02.134Z] 広告データ読み込み: 60件
[2025-10-13T10:00:02.138Z] 広告データ保存完了: 61件
[2025-10-13T10:00:02.139Z] 通知フラグがfalseのため通知をスキップ
[2025-10-13T10:00:02.139Z] アラート判定は checkAllAlerts() で統一処理します
[2025-10-13T10:00:02.139Z] === 日次バッチ完了 ===
[2025-10-13T10:00:02.140Z] ユーザー 7fe7e401-a67b-40fb-bdff-0b61b67dc116 (metaapi@test.com) のバッチ処理開始
[2025-10-13T10:00:02.140Z] === 日次バッチ開始 (userId: 7fe7e401-a67b-40fb-bdff-0b61b67dc116) ===
[2025-10-13T10:00:02.141Z] ユーザー設定読み込み完了 (userId: 7fe7e401-a67b-40fb-bdff-0b61b67dc116): Meta=true, Chatwork=true
[2025-10-13T10:00:02.141Z] 使用する日予算: undefined
[2025-10-13T10:00:02.141Z] Meta広告APIからデータ取得開始
[2025-10-13T10:00:02.688Z] Meta広告データ取得成功: 1件
[2025-10-13T10:00:02.694Z] 広告データ読み込み: 61件
[2025-10-13T10:00:02.696Z] 広告データ保存完了: 62件
[2025-10-13T10:00:02.696Z] 通知フラグがfalseのため通知をスキップ
[2025-10-13T10:00:02.696Z] アラート判定は checkAllAlerts() で統一処理します
[2025-10-13T10:00:02.696Z] === 日次バッチ完了 ===
[2025-10-13T10:00:02.697Z] === 全ユーザーバッチ処理完了 ===
[2025-10-13T10:00:07.825Z] 19時のアラート通知送信開始
[2025-10-13T10:00:14.886Z] 19時のアラート通知送信完了
[2025-10-14T00:00:00.601Z] 朝9時のデータ取得とレポート送信開始
[2025-10-14T00:00:00.610Z] === 全ユーザーバッチ処理開始 ===
[2025-10-14T00:00:00.617Z] アクティブユーザー数: 4
[2025-10-14T00:00:00.618Z] ユーザー b4475ace-303e-4fd1-8740-221154c9b291 (komiya11122@gmail.com) のバッチ処理開始
[2025-10-14T00:00:00.619Z] === 日次バッチ開始 (userId: b4475ace-303e-4fd1-8740-221154c9b291) ===
[2025-10-14T00:00:00.619Z] ユーザー設定読み込み完了 (userId: b4475ace-303e-4fd1-8740-221154c9b291): Meta=true, Chatwork=true
[2025-10-14T00:00:00.619Z] 使用する日予算: 2800
[2025-10-14T00:00:00.619Z] Meta広告APIからデータ取得開始
[2025-10-14T00:00:01.723Z] Meta広告データ取得成功: 1件
[2025-10-14T00:00:01.725Z] 広告データ読み込み: 62件
[2025-10-14T00:00:01.727Z] 広告データ保存完了: 63件
[2025-10-14T00:00:01.727Z] 通知フラグがfalseのため通知をスキップ
[2025-10-14T00:00:01.727Z] アラート判定は checkAllAlerts() で統一処理します
[2025-10-14T00:00:01.727Z] === 日次バッチ完了 ===
[2025-10-14T00:00:01.727Z] ユーザー 02d004a8-03aa-4b6e-9dd2-94a1995b4360 (hangpingxiaogong@gmail.com) のバッチ処理開始
[2025-10-14T00:00:01.727Z] === 日次バッチ開始 (userId: 02d004a8-03aa-4b6e-9dd2-94a1995b4360) ===
[2025-10-14T00:00:01.727Z] ユーザー設定読み込み完了 (userId: 02d004a8-03aa-4b6e-9dd2-94a1995b4360): Meta=true, Chatwork=true
[2025-10-14T00:00:01.728Z] 使用する日予算: 30000
[2025-10-14T00:00:01.728Z] Meta広告APIからデータ取得開始
[2025-10-14T00:00:02.337Z] Meta広告データ取得成功: 1件
[2025-10-14T00:00:02.339Z] 広告データ読み込み: 63件
[2025-10-14T00:00:02.340Z] 広告データ保存完了: 64件
[2025-10-14T00:00:02.341Z] 通知フラグがfalseのため通知をスキップ
[2025-10-14T00:00:02.341Z] アラート判定は checkAllAlerts() で統一処理します
[2025-10-14T00:00:02.341Z] === 日次バッチ完了 ===
[2025-10-14T00:00:02.343Z] ユーザー 3dab6ad4-6397-4659-b96e-88a3d59bc85b (test123@gmail.com) のバッチ処理開始
[2025-10-14T00:00:02.343Z] === 日次バッチ開始 (userId: 3dab6ad4-6397-4659-b96e-88a3d59bc85b) ===
[2025-10-14T00:00:02.343Z] ユーザー設定読み込み完了 (userId: 3dab6ad4-6397-4659-b96e-88a3d59bc85b): Meta=true, Chatwork=true
[2025-10-14T00:00:02.343Z] 使用する日予算: 50000
[2025-10-14T00:00:02.344Z] Meta広告APIからデータ取得開始
[2025-10-14T00:00:02.759Z] Meta広告データ取得成功: 1件
[2025-10-14T00:00:02.807Z] 広告データ読み込み: 64件
[2025-10-14T00:00:02.810Z] 広告データ保存完了: 65件
[2025-10-14T00:00:02.810Z] 通知フラグがfalseのため通知をスキップ
[2025-10-14T00:00:02.810Z] アラート判定は checkAllAlerts() で統一処理します
[2025-10-14T00:00:02.811Z] === 日次バッチ完了 ===
[2025-10-14T00:00:02.812Z] ユーザー 7fe7e401-a67b-40fb-bdff-0b61b67dc116 (metaapi@test.com) のバッチ処理開始
[2025-10-14T00:00:02.925Z] === 日次バッチ開始 (userId: 7fe7e401-a67b-40fb-bdff-0b61b67dc116) ===
[2025-10-14T00:00:02.926Z] ユーザー設定読み込み完了 (userId: 7fe7e401-a67b-40fb-bdff-0b61b67dc116): Meta=true, Chatwork=true
[2025-10-14T00:00:02.926Z] 使用する日予算: undefined
[2025-10-14T00:00:02.926Z] Meta広告APIからデータ取得開始
[2025-10-14T00:00:04.491Z] Meta広告データ取得成功: 1件
[2025-10-14T00:00:04.492Z] 広告データ読み込み: 65件
[2025-10-14T00:00:04.493Z] 広告データ保存完了: 66件
[2025-10-14T00:00:04.493Z] 通知フラグがfalseのため通知をスキップ
[2025-10-14T00:00:04.493Z] アラート判定は checkAllAlerts() で統一処理します
[2025-10-14T00:00:04.493Z] === 日次バッチ完了 ===
[2025-10-14T00:00:04.493Z] === 全ユーザーバッチ処理完了 ===
[2025-10-14T00:00:10.797Z] 朝9時のアラート通知送信開始
[2025-10-14T00:00:21.035Z] 朝9時のアラート通知送信完了
[2025-10-14T03:00:00.783Z] 定期データ取得と更新通知開始
[2025-10-14T03:00:00.788Z] === 全ユーザーバッチ処理開始 ===
[2025-10-14T03:00:00.789Z] アクティブユーザー数: 4
[2025-10-14T03:00:00.790Z] ユーザー b4475ace-303e-4fd1-8740-221154c9b291 (komiya11122@gmail.com) のバッチ処理開始
[2025-10-14T03:00:00.791Z] === 日次バッチ開始 (userId: b4475ace-303e-4fd1-8740-221154c9b291) ===
[2025-10-14T03:00:00.794Z] ユーザー設定読み込み完了 (userId: b4475ace-303e-4fd1-8740-221154c9b291): Meta=true, Chatwork=true
[2025-10-14T03:00:00.794Z] 使用する日予算: 2800
[2025-10-14T03:00:00.795Z] Meta広告APIからデータ取得開始
[2025-10-14T03:00:01.769Z] Meta広告データ取得成功: 1件
[2025-10-14T03:00:01.772Z] 広告データ読み込み: 66件
[2025-10-14T03:00:01.774Z] 広告データ保存完了: 67件
[2025-10-14T03:00:01.774Z] 通知フラグがfalseのため通知をスキップ
[2025-10-14T03:00:01.774Z] アラート判定は checkAllAlerts() で統一処理します
[2025-10-14T03:00:01.774Z] === 日次バッチ完了 ===
[2025-10-14T03:00:01.774Z] ユーザー 02d004a8-03aa-4b6e-9dd2-94a1995b4360 (hangpingxiaogong@gmail.com) のバッチ処理開始
[2025-10-14T03:00:01.774Z] === 日次バッチ開始 (userId: 02d004a8-03aa-4b6e-9dd2-94a1995b4360) ===
[2025-10-14T03:00:01.774Z] ユーザー設定読み込み完了 (userId: 02d004a8-03aa-4b6e-9dd2-94a1995b4360): Meta=true, Chatwork=true
[2025-10-14T03:00:01.774Z] 使用する日予算: 30000
[2025-10-14T03:00:01.775Z] Meta広告APIからデータ取得開始
[2025-10-14T03:00:02.224Z] Meta広告データ取得成功: 1件
[2025-10-14T03:00:02.225Z] 広告データ読み込み: 67件
[2025-10-14T03:00:02.226Z] 広告データ保存完了: 68件
[2025-10-14T03:00:02.226Z] 通知フラグがfalseのため通知をスキップ
[2025-10-14T03:00:02.226Z] アラート判定は checkAllAlerts() で統一処理します
[2025-10-14T03:00:02.226Z] === 日次バッチ完了 ===
[2025-10-14T03:00:02.226Z] ユーザー 3dab6ad4-6397-4659-b96e-88a3d59bc85b (test123@gmail.com) のバッチ処理開始
[2025-10-14T03:00:02.227Z] === 日次バッチ開始 (userId: 3dab6ad4-6397-4659-b96e-88a3d59bc85b) ===
[2025-10-14T03:00:02.227Z] ユーザー設定読み込み完了 (userId: 3dab6ad4-6397-4659-b96e-88a3d59bc85b): Meta=true, Chatwork=true
[2025-10-14T03:00:02.227Z] 使用する日予算: 1000
[2025-10-14T03:00:02.227Z] Meta広告APIからデータ取得開始
[2025-10-14T03:00:02.512Z] Meta広告データ取得成功: 1件
[2025-10-14T03:00:02.513Z] 広告データ読み込み: 68件
[2025-10-14T03:00:02.514Z] 広告データ保存完了: 69件
[2025-10-14T03:00:02.514Z] 通知フラグがfalseのため通知をスキップ
[2025-10-14T03:00:02.514Z] アラート判定は checkAllAlerts() で統一処理します
[2025-10-14T03:00:02.515Z] === 日次バッチ完了 ===
[2025-10-14T03:00:02.515Z] ユーザー 7fe7e401-a67b-40fb-bdff-0b61b67dc116 (metaapi@test.com) のバッチ処理開始
[2025-10-14T03:00:02.515Z] === 日次バッチ開始 (userId: 7fe7e401-a67b-40fb-bdff-0b61b67dc116) ===
[2025-10-14T03:00:02.515Z] ユーザー設定読み込み完了 (userId: 7fe7e401-a67b-40fb-bdff-0b61b67dc116): Meta=true, Chatwork=true
[2025-10-14T03:00:02.515Z] 使用する日予算: undefined
[2025-10-14T03:00:02.515Z] Meta広告APIからデータ取得開始
[2025-10-14T03:00:02.828Z] Meta広告データ取得成功: 1件
[2025-10-14T03:00:02.836Z] 広告データ読み込み: 69件
[2025-10-14T03:00:02.837Z] 広告データ保存完了: 70件
[2025-10-14T03:00:02.837Z] 通知フラグがfalseのため通知をスキップ
[2025-10-14T03:00:02.837Z] アラート判定は checkAllAlerts() で統一処理します
[2025-10-14T03:00:02.838Z] === 日次バッチ完了 ===
[2025-10-14T03:00:02.838Z] === 全ユーザーバッチ処理完了 ===
[2025-10-14T03:00:08.000Z] 12時のアラート通知送信開始
[2025-10-14T03:00:14.583Z] 12時のアラート通知送信完了
[2025-10-14T08:00:00.648Z] 定期データ取得と更新通知開始
[2025-10-14T08:00:00.662Z] === 全ユーザーバッチ処理開始 ===
[2025-10-14T08:00:00.672Z] アクティブユーザー数: 4
[2025-10-14T08:00:00.674Z] ユーザー b4475ace-303e-4fd1-8740-221154c9b291 (komiya11122@gmail.com) のバッチ処理開始
[2025-10-14T08:00:00.676Z] === 日次バッチ開始 (userId: b4475ace-303e-4fd1-8740-221154c9b291) ===
[2025-10-14T08:00:00.677Z] ユーザー設定読み込み完了 (userId: b4475ace-303e-4fd1-8740-221154c9b291): Meta=true, Chatwork=true
[2025-10-14T08:00:00.678Z] 使用する日予算: 2800
[2025-10-14T08:00:00.678Z] Meta広告APIからデータ取得開始
[2025-10-14T08:00:01.209Z] Meta広告データ取得成功: 1件
[2025-10-14T08:00:01.213Z] 広告データ読み込み: 70件
[2025-10-14T08:00:01.216Z] 広告データ保存完了: 71件
[2025-10-14T08:00:01.216Z] 通知フラグがfalseのため通知をスキップ
[2025-10-14T08:00:01.216Z] アラート判定は checkAllAlerts() で統一処理します
[2025-10-14T08:00:01.216Z] === 日次バッチ完了 ===
[2025-10-14T08:00:01.216Z] ユーザー 02d004a8-03aa-4b6e-9dd2-94a1995b4360 (hangpingxiaogong@gmail.com) のバッチ処理開始
[2025-10-14T08:00:01.216Z] === 日次バッチ開始 (userId: 02d004a8-03aa-4b6e-9dd2-94a1995b4360) ===
[2025-10-14T08:00:01.217Z] ユーザー設定読み込み完了 (userId: 02d004a8-03aa-4b6e-9dd2-94a1995b4360): Meta=true, Chatwork=true
[2025-10-14T08:00:01.217Z] 使用する日予算: 30000
[2025-10-14T08:00:01.217Z] Meta広告APIからデータ取得開始
[2025-10-14T08:00:01.699Z] Meta広告データ取得成功: 1件
[2025-10-14T08:00:01.703Z] 広告データ読み込み: 71件
[2025-10-14T08:00:01.706Z] 広告データ保存完了: 72件
[2025-10-14T08:00:01.707Z] 通知フラグがfalseのため通知をスキップ
[2025-10-14T08:00:01.707Z] アラート判定は checkAllAlerts() で統一処理します
[2025-10-14T08:00:01.707Z] === 日次バッチ完了 ===
[2025-10-14T08:00:01.709Z] ユーザー 3dab6ad4-6397-4659-b96e-88a3d59bc85b (test123@gmail.com) のバッチ処理開始
[2025-10-14T08:00:01.709Z] === 日次バッチ開始 (userId: 3dab6ad4-6397-4659-b96e-88a3d59bc85b) ===
[2025-10-14T08:00:01.711Z] ユーザー設定読み込み完了 (userId: 3dab6ad4-6397-4659-b96e-88a3d59bc85b): Meta=true, Chatwork=true
[2025-10-14T08:00:01.711Z] 使用する日予算: 2000
[2025-10-14T08:00:01.712Z] Meta広告APIからデータ取得開始
[2025-10-14T08:00:02.075Z] Meta広告データ取得成功: 1件
[2025-10-14T08:00:02.076Z] 広告データ読み込み: 72件
[2025-10-14T08:00:02.079Z] 広告データ保存完了: 73件
[2025-10-14T08:00:02.079Z] 通知フラグがfalseのため通知をスキップ
[2025-10-14T08:00:02.079Z] アラート判定は checkAllAlerts() で統一処理します
[2025-10-14T08:00:02.079Z] === 日次バッチ完了 ===
[2025-10-14T08:00:02.079Z] ユーザー 7fe7e401-a67b-40fb-bdff-0b61b67dc116 (metaapi@test.com) のバッチ処理開始
[2025-10-14T08:00:02.080Z] === 日次バッチ開始 (userId: 7fe7e401-a67b-40fb-bdff-0b61b67dc116) ===
[2025-10-14T08:00:02.080Z] ユーザー設定読み込み完了 (userId: 7fe7e401-a67b-40fb-bdff-0b61b67dc116): Meta=true, Chatwork=true
[2025-10-14T08:00:02.080Z] 使用する日予算: undefined
[2025-10-14T08:00:02.080Z] Meta広告APIからデータ取得開始
[2025-10-14T08:00:02.470Z] Meta広告データ取得成功: 1件
[2025-10-14T08:00:02.472Z] 広告データ読み込み: 73件
[2025-10-14T08:00:02.474Z] 広告データ保存完了: 74件
[2025-10-14T08:00:02.474Z] 通知フラグがfalseのため通知をスキップ
[2025-10-14T08:00:02.474Z] アラート判定は checkAllAlerts() で統一処理します
[2025-10-14T08:00:02.474Z] === 日次バッチ完了 ===
[2025-10-14T08:00:02.474Z] === 全ユーザーバッチ処理完了 ===
[2025-10-14T08:00:07.238Z] 17時のアラート通知送信開始
[2025-10-14T08:00:13.773Z] 17時のアラート通知送信完了
[2025-10-14T10:00:00.124Z] 定期データ取得と更新通知開始
[2025-10-14T10:00:00.136Z] === 全ユーザーバッチ処理開始 ===
[2025-10-14T10:00:00.141Z] アクティブユーザー数: 4
[2025-10-14T10:00:00.142Z] ユーザー b4475ace-303e-4fd1-8740-221154c9b291 (komiya11122@gmail.com) のバッチ処理開始
[2025-10-14T10:00:00.143Z] === 日次バッチ開始 (userId: b4475ace-303e-4fd1-8740-221154c9b291) ===
[2025-10-14T10:00:00.143Z] ユーザー設定読み込み完了 (userId: b4475ace-303e-4fd1-8740-221154c9b291): Meta=true, Chatwork=true
[2025-10-14T10:00:00.143Z] 使用する日予算: 2800
[2025-10-14T10:00:00.143Z] Meta広告APIからデータ取得開始
[2025-10-14T10:00:00.766Z] Meta広告データ取得成功: 1件
[2025-10-14T10:00:00.770Z] 広告データ読み込み: 74件
[2025-10-14T10:00:00.774Z] 広告データ保存完了: 75件
[2025-10-14T10:00:00.774Z] 通知フラグがfalseのため通知をスキップ
[2025-10-14T10:00:00.774Z] アラート判定は checkAllAlerts() で統一処理します
[2025-10-14T10:00:00.774Z] === 日次バッチ完了 ===
[2025-10-14T10:00:00.775Z] ユーザー 02d004a8-03aa-4b6e-9dd2-94a1995b4360 (hangpingxiaogong@gmail.com) のバッチ処理開始
[2025-10-14T10:00:00.775Z] === 日次バッチ開始 (userId: 02d004a8-03aa-4b6e-9dd2-94a1995b4360) ===
[2025-10-14T10:00:00.775Z] ユーザー設定読み込み完了 (userId: 02d004a8-03aa-4b6e-9dd2-94a1995b4360): Meta=true, Chatwork=true
[2025-10-14T10:00:00.775Z] 使用する日予算: 30000
[2025-10-14T10:00:00.775Z] Meta広告APIからデータ取得開始
[2025-10-14T10:00:01.462Z] Meta広告データ取得成功: 1件
[2025-10-14T10:00:01.464Z] 広告データ読み込み: 75件
[2025-10-14T10:00:01.466Z] 広告データ保存完了: 76件
[2025-10-14T10:00:01.467Z] 通知フラグがfalseのため通知をスキップ
[2025-10-14T10:00:01.467Z] アラート判定は checkAllAlerts() で統一処理します
[2025-10-14T10:00:01.467Z] === 日次バッチ完了 ===
[2025-10-14T10:00:01.467Z] ユーザー 3dab6ad4-6397-4659-b96e-88a3d59bc85b (test123@gmail.com) のバッチ処理開始
[2025-10-14T10:00:01.468Z] === 日次バッチ開始 (userId: 3dab6ad4-6397-4659-b96e-88a3d59bc85b) ===
[2025-10-14T10:00:01.468Z] ユーザー設定読み込み完了 (userId: 3dab6ad4-6397-4659-b96e-88a3d59bc85b): Meta=true, Chatwork=true
[2025-10-14T10:00:01.468Z] 使用する日予算: 1000
[2025-10-14T10:00:01.468Z] Meta広告APIからデータ取得開始
[2025-10-14T10:00:01.787Z] Meta広告データ取得成功: 1件
[2025-10-14T10:00:01.791Z] 広告データ読み込み: 76件
[2025-10-14T10:00:01.793Z] 広告データ保存完了: 77件
[2025-10-14T10:00:01.794Z] 通知フラグがfalseのため通知をスキップ
[2025-10-14T10:00:01.794Z] アラート判定は checkAllAlerts() で統一処理します
[2025-10-14T10:00:01.794Z] === 日次バッチ完了 ===
[2025-10-14T10:00:01.795Z] ユーザー 7fe7e401-a67b-40fb-bdff-0b61b67dc116 (metaapi@test.com) のバッチ処理開始
[2025-10-14T10:00:01.795Z] === 日次バッチ開始 (userId: 7fe7e401-a67b-40fb-bdff-0b61b67dc116) ===
[2025-10-14T10:00:01.796Z] ユーザー設定読み込み完了 (userId: 7fe7e401-a67b-40fb-bdff-0b61b67dc116): Meta=true, Chatwork=true
[2025-10-14T10:00:01.796Z] 使用する日予算: undefined
[2025-10-14T10:00:01.796Z] Meta広告APIからデータ取得開始
[2025-10-14T10:00:02.142Z] Meta広告データ取得成功: 1件
[2025-10-14T10:00:02.143Z] 広告データ読み込み: 77件
[2025-10-14T10:00:02.145Z] 広告データ保存完了: 78件
[2025-10-14T10:00:02.145Z] 通知フラグがfalseのため通知をスキップ
[2025-10-14T10:00:02.146Z] アラート判定は checkAllAlerts() で統一処理します
[2025-10-14T10:00:02.146Z] === 日次バッチ完了 ===
[2025-10-14T10:00:02.146Z] === 全ユーザーバッチ処理完了 ===
[2025-10-14T10:00:07.373Z] 19時のアラート通知送信開始
[2025-10-14T10:00:14.933Z] 19時のアラート通知送信完了
[2025-10-17T03:00:00.963Z] 定期データ取得と更新通知開始
[2025-10-17T03:00:00.978Z] === 全ユーザーバッチ処理開始 ===
[2025-10-17T03:00:00.984Z] アクティブユーザー数: 4
[2025-10-17T03:00:00.984Z] ユーザー b4475ace-303e-4fd1-8740-221154c9b291 (komiya11122@gmail.com) のバッチ処理開始
[2025-10-17T03:00:00.985Z] === 日次バッチ開始 (userId: b4475ace-303e-4fd1-8740-221154c9b291) ===
[2025-10-17T03:00:00.985Z] ユーザー設定読み込み完了 (userId: b4475ace-303e-4fd1-8740-221154c9b291): Meta=true, Chatwork=true
[2025-10-17T03:00:00.985Z] 使用する日予算: 75000
[2025-10-17T03:00:00.985Z] Meta広告APIからデータ取得開始
[2025-10-17T03:00:01.613Z] Meta広告データ取得成功: 1件
[2025-10-17T03:00:01.613Z] 広告データファイルが見つかりません - 空配列を返します
[2025-10-17T03:00:01.613Z] 広告データ保存完了: 1件
[2025-10-17T03:00:01.613Z] 通知フラグがfalseのため通知をスキップ
[2025-10-17T03:00:01.613Z] アラート判定は checkAllAlerts() で統一処理します
[2025-10-17T03:00:01.614Z] === 日次バッチ完了 ===
[2025-10-17T03:00:01.614Z] ユーザー 02d004a8-03aa-4b6e-9dd2-94a1995b4360 (hangpingxiaogong@gmail.com) のバッチ処理開始
[2025-10-17T03:00:01.614Z] === 日次バッチ開始 (userId: 02d004a8-03aa-4b6e-9dd2-94a1995b4360) ===
[2025-10-17T03:00:01.614Z] ユーザー設定読み込み完了 (userId: 02d004a8-03aa-4b6e-9dd2-94a1995b4360): Meta=true, Chatwork=true
[2025-10-17T03:00:01.614Z] 使用する日予算: 30000
[2025-10-17T03:00:01.614Z] Meta広告APIからデータ取得開始
[2025-10-17T03:00:01.937Z] Meta広告データ取得成功: 1件
[2025-10-17T03:00:01.938Z] 広告データ読み込み: 1件
[2025-10-17T03:00:01.938Z] 広告データ保存完了: 2件
[2025-10-17T03:00:01.939Z] 通知フラグがfalseのため通知をスキップ
[2025-10-17T03:00:01.939Z] アラート判定は checkAllAlerts() で統一処理します
[2025-10-17T03:00:01.939Z] === 日次バッチ完了 ===
[2025-10-17T03:00:01.939Z] ユーザー 3dab6ad4-6397-4659-b96e-88a3d59bc85b (test123@gmail.com) のバッチ処理開始
[2025-10-17T03:00:01.940Z] === 日次バッチ開始 (userId: 3dab6ad4-6397-4659-b96e-88a3d59bc85b) ===
[2025-10-17T03:00:01.940Z] ユーザー設定読み込み完了 (userId: 3dab6ad4-6397-4659-b96e-88a3d59bc85b): Meta=true, Chatwork=true
[2025-10-17T03:00:01.940Z] 使用する日予算: 50000
[2025-10-17T03:00:01.940Z] Meta広告APIからデータ取得開始
[2025-10-17T03:00:02.369Z] Meta広告データ取得成功: 1件
[2025-10-17T03:00:02.369Z] 広告データ読み込み: 2件
[2025-10-17T03:00:02.370Z] 広告データ保存完了: 3件
[2025-10-17T03:00:02.371Z] 通知フラグがfalseのため通知をスキップ
[2025-10-17T03:00:02.371Z] アラート判定は checkAllAlerts() で統一処理します
[2025-10-17T03:00:02.371Z] === 日次バッチ完了 ===
[2025-10-17T03:00:02.372Z] ユーザー 7fe7e401-a67b-40fb-bdff-0b61b67dc116 (metaapi@test.com) のバッチ処理開始
[2025-10-17T03:00:02.372Z] === 日次バッチ開始 (userId: 7fe7e401-a67b-40fb-bdff-0b61b67dc116) ===
[2025-10-17T03:00:02.372Z] ユーザー設定読み込み完了 (userId: 7fe7e401-a67b-40fb-bdff-0b61b67dc116): Meta=true, Chatwork=true
[2025-10-17T03:00:02.372Z] 使用する日予算: undefined
[2025-10-17T03:00:02.373Z] Meta広告APIからデータ取得開始
[2025-10-17T03:00:02.889Z] Meta広告データ取得成功: 1件
[2025-10-17T03:00:02.890Z] 広告データ読み込み: 3件
[2025-10-17T03:00:02.891Z] 広告データ保存完了: 4件
[2025-10-17T03:00:02.891Z] 通知フラグがfalseのため通知をスキップ
[2025-10-17T03:00:02.891Z] アラート判定は checkAllAlerts() で統一処理します
[2025-10-17T03:00:02.891Z] === 日次バッチ完了 ===
[2025-10-17T03:00:02.891Z] === 全ユーザーバッチ処理完了 ===
[2025-10-17T03:00:08.344Z] 12時のアラート通知送信開始
[2025-10-17T03:00:17.467Z] 12時のアラート通知送信完了
[2025-10-17T06:00:00.406Z] 定期データ取得と更新通知開始
[2025-10-17T06:00:00.414Z] === 全ユーザーバッチ処理開始 ===
[2025-10-17T06:00:00.420Z] アクティブユーザー数: 4
[2025-10-17T06:00:00.422Z] ユーザー b4475ace-303e-4fd1-8740-221154c9b291 (komiya11122@gmail.com) のバッチ処理開始
[2025-10-17T06:00:00.424Z] === 日次バッチ開始 (userId: b4475ace-303e-4fd1-8740-221154c9b291) ===
[2025-10-17T06:00:00.425Z] ユーザー設定読み込み完了 (userId: b4475ace-303e-4fd1-8740-221154c9b291): Meta=true, Chatwork=true
[2025-10-17T06:00:00.425Z] 使用する日予算: 42000
[2025-10-17T06:00:00.425Z] Meta広告APIからデータ取得開始
[2025-10-17T06:00:01.225Z] Meta広告データ取得成功: 1件
[2025-10-17T06:00:01.228Z] 広告データ読み込み: 4件
[2025-10-17T06:00:01.229Z] 広告データ保存完了: 5件
[2025-10-17T06:00:01.229Z] 通知フラグがfalseのため通知をスキップ
[2025-10-17T06:00:01.229Z] アラート判定は checkAllAlerts() で統一処理します
[2025-10-17T06:00:01.229Z] === 日次バッチ完了 ===
[2025-10-17T06:00:01.230Z] ユーザー 02d004a8-03aa-4b6e-9dd2-94a1995b4360 (hangpingxiaogong@gmail.com) のバッチ処理開始
[2025-10-17T06:00:01.230Z] === 日次バッチ開始 (userId: 02d004a8-03aa-4b6e-9dd2-94a1995b4360) ===
[2025-10-17T06:00:01.231Z] ユーザー設定読み込み完了 (userId: 02d004a8-03aa-4b6e-9dd2-94a1995b4360): Meta=true, Chatwork=true
[2025-10-17T06:00:01.232Z] 使用する日予算: 30000
[2025-10-17T06:00:01.232Z] Meta広告APIからデータ取得開始
[2025-10-17T06:00:01.819Z] Meta広告データ取得成功: 1件
[2025-10-17T06:00:01.819Z] 広告データ読み込み: 5件
[2025-10-17T06:00:01.819Z] 広告データ保存完了: 6件
[2025-10-17T06:00:01.820Z] 通知フラグがfalseのため通知をスキップ
[2025-10-17T06:00:01.820Z] アラート判定は checkAllAlerts() で統一処理します
[2025-10-17T06:00:01.820Z] === 日次バッチ完了 ===
[2025-10-17T06:00:01.821Z] ユーザー 3dab6ad4-6397-4659-b96e-88a3d59bc85b (test123@gmail.com) のバッチ処理開始
[2025-10-17T06:00:01.821Z] === 日次バッチ開始 (userId: 3dab6ad4-6397-4659-b96e-88a3d59bc85b) ===
[2025-10-17T06:00:01.822Z] ユーザー設定読み込み完了 (userId: 3dab6ad4-6397-4659-b96e-88a3d59bc85b): Meta=true, Chatwork=true
[2025-10-17T06:00:01.822Z] 使用する日予算: 50000
[2025-10-17T06:00:01.822Z] Meta広告APIからデータ取得開始
[2025-10-17T06:00:02.159Z] Meta広告データ取得成功: 1件
[2025-10-17T06:00:02.160Z] 広告データ読み込み: 6件
[2025-10-17T06:00:02.160Z] 広告データ保存完了: 7件
[2025-10-17T06:00:02.160Z] 通知フラグがfalseのため通知をスキップ
[2025-10-17T06:00:02.161Z] アラート判定は checkAllAlerts() で統一処理します
[2025-10-17T06:00:02.161Z] === 日次バッチ完了 ===
[2025-10-17T06:00:02.161Z] ユーザー 7fe7e401-a67b-40fb-bdff-0b61b67dc116 (metaapi@test.com) のバッチ処理開始
[2025-10-17T06:00:02.162Z] === 日次バッチ開始 (userId: 7fe7e401-a67b-40fb-bdff-0b61b67dc116) ===
[2025-10-17T06:00:02.162Z] ユーザー設定読み込み完了 (userId: 7fe7e401-a67b-40fb-bdff-0b61b67dc116): Meta=true, Chatwork=true
[2025-10-17T06:00:02.162Z] 使用する日予算: undefined
[2025-10-17T06:00:02.162Z] Meta広告APIからデータ取得開始
[2025-10-17T06:00:02.742Z] Meta広告データ取得成功: 1件
[2025-10-17T06:00:02.743Z] 広告データ読み込み: 7件
[2025-10-17T06:00:02.744Z] 広告データ保存完了: 8件
[2025-10-17T06:00:02.744Z] 通知フラグがfalseのため通知をスキップ
[2025-10-17T06:00:02.744Z] アラート判定は checkAllAlerts() で統一処理します
[2025-10-17T06:00:02.744Z] === 日次バッチ完了 ===
[2025-10-17T06:00:02.744Z] === 全ユーザーバッチ処理完了 ===
[2025-10-17T06:00:08.065Z] 15時のアラート通知送信開始
[2025-10-17T06:00:17.401Z] 15時のアラート通知送信完了
[2025-10-17T08:00:00.958Z] 定期データ取得と更新通知開始
[2025-10-17T08:00:00.963Z] === 全ユーザーバッチ処理開始 ===
[2025-10-17T08:00:00.968Z] アクティブユーザー数: 4
[2025-10-17T08:00:00.969Z] ユーザー b4475ace-303e-4fd1-8740-221154c9b291 (komiya11122@gmail.com) のバッチ処理開始
[2025-10-17T08:00:00.969Z] === 日次バッチ開始 (userId: b4475ace-303e-4fd1-8740-221154c9b291) ===
[2025-10-17T08:00:00.970Z] ユーザー設定読み込み完了 (userId: b4475ace-303e-4fd1-8740-221154c9b291): Meta=true, Chatwork=true
[2025-10-17T08:00:00.970Z] 使用する日予算: 42000
[2025-10-17T08:00:00.970Z] Meta広告APIからデータ取得開始
[2025-10-17T08:00:01.523Z] Meta広告データ取得成功: 1件
[2025-10-17T08:00:01.526Z] 広告データ読み込み: 8件
[2025-10-17T08:00:01.527Z] 広告データ保存完了: 9件
[2025-10-17T08:00:01.531Z] 通知フラグがfalseのため通知をスキップ
[2025-10-17T08:00:01.531Z] アラート判定は checkAllAlerts() で統一処理します
[2025-10-17T08:00:01.531Z] === 日次バッチ完了 ===
[2025-10-17T08:00:01.532Z] ユーザー 02d004a8-03aa-4b6e-9dd2-94a1995b4360 (hangpingxiaogong@gmail.com) のバッチ処理開始
[2025-10-17T08:00:01.532Z] === 日次バッチ開始 (userId: 02d004a8-03aa-4b6e-9dd2-94a1995b4360) ===
[2025-10-17T08:00:01.533Z] ユーザー設定読み込み完了 (userId: 02d004a8-03aa-4b6e-9dd2-94a1995b4360): Meta=true, Chatwork=true
[2025-10-17T08:00:01.533Z] 使用する日予算: 30000
[2025-10-17T08:00:01.533Z] Meta広告APIからデータ取得開始
[2025-10-17T08:00:02.226Z] Meta広告データ取得成功: 1件
[2025-10-17T08:00:02.227Z] 広告データ読み込み: 9件
[2025-10-17T08:00:02.228Z] 広告データ保存完了: 10件
[2025-10-17T08:00:02.228Z] 通知フラグがfalseのため通知をスキップ
[2025-10-17T08:00:02.228Z] アラート判定は checkAllAlerts() で統一処理します
[2025-10-17T08:00:02.228Z] === 日次バッチ完了 ===
[2025-10-17T08:00:02.229Z] ユーザー 3dab6ad4-6397-4659-b96e-88a3d59bc85b (test123@gmail.com) のバッチ処理開始
[2025-10-17T08:00:02.229Z] === 日次バッチ開始 (userId: 3dab6ad4-6397-4659-b96e-88a3d59bc85b) ===
[2025-10-17T08:00:02.229Z] ユーザー設定読み込み完了 (userId: 3dab6ad4-6397-4659-b96e-88a3d59bc85b): Meta=true, Chatwork=true
[2025-10-17T08:00:02.230Z] 使用する日予算: 50000
[2025-10-17T08:00:02.230Z] Meta広告APIからデータ取得開始
[2025-10-17T08:00:02.589Z] Meta広告データ取得成功: 1件
[2025-10-17T08:00:02.590Z] 広告データ読み込み: 10件
[2025-10-17T08:00:02.590Z] 広告データ保存完了: 11件
[2025-10-17T08:00:02.590Z] 通知フラグがfalseのため通知をスキップ
[2025-10-17T08:00:02.591Z] アラート判定は checkAllAlerts() で統一処理します
[2025-10-17T08:00:02.591Z] === 日次バッチ完了 ===
[2025-10-17T08:00:02.591Z] ユーザー 7fe7e401-a67b-40fb-bdff-0b61b67dc116 (metaapi@test.com) のバッチ処理開始
[2025-10-17T08:00:02.591Z] === 日次バッチ開始 (userId: 7fe7e401-a67b-40fb-bdff-0b61b67dc116) ===
[2025-10-17T08:00:02.592Z] ユーザー設定読み込み完了 (userId: 7fe7e401-a67b-40fb-bdff-0b61b67dc116): Meta=true, Chatwork=true
[2025-10-17T08:00:02.592Z] 使用する日予算: undefined
[2025-10-17T08:00:02.592Z] Meta広告APIからデータ取得開始
[2025-10-17T08:00:03.090Z] Meta広告データ取得成功: 1件
[2025-10-17T08:00:03.092Z] 広告データ読み込み: 11件
[2025-10-17T08:00:03.093Z] 広告データ保存完了: 12件
[2025-10-17T08:00:03.093Z] 通知フラグがfalseのため通知をスキップ
[2025-10-17T08:00:03.093Z] アラート判定は checkAllAlerts() で統一処理します
[2025-10-17T08:00:03.093Z] === 日次バッチ完了 ===
[2025-10-17T08:00:03.093Z] === 全ユーザーバッチ処理完了 ===
[2025-10-17T08:00:09.062Z] 17時のアラート通知送信開始
[2025-10-17T08:00:19.217Z] 17時のアラート通知送信完了
[2025-10-17T10:00:00.705Z] 定期データ取得と更新通知開始
[2025-10-17T10:00:00.720Z] === 全ユーザーバッチ処理開始 ===
[2025-10-17T10:00:00.734Z] アクティブユーザー数: 4
[2025-10-17T10:00:00.737Z] ユーザー b4475ace-303e-4fd1-8740-221154c9b291 (komiya11122@gmail.com) のバッチ処理開始
[2025-10-17T10:00:00.737Z] === 日次バッチ開始 (userId: b4475ace-303e-4fd1-8740-221154c9b291) ===
[2025-10-17T10:00:00.738Z] ユーザー設定読み込み完了 (userId: b4475ace-303e-4fd1-8740-221154c9b291): Meta=true, Chatwork=true
[2025-10-17T10:00:00.738Z] 使用する日予算: 42000
[2025-10-17T10:00:00.738Z] Meta広告APIからデータ取得開始
[2025-10-17T10:00:01.359Z] Meta広告データ取得成功: 1件
[2025-10-17T10:00:01.365Z] 広告データ読み込み: 12件
[2025-10-17T10:00:01.376Z] 広告データ保存完了: 13件
[2025-10-17T10:00:01.377Z] 通知フラグがfalseのため通知をスキップ
[2025-10-17T10:00:01.378Z] アラート判定は checkAllAlerts() で統一処理します
[2025-10-17T10:00:01.379Z] === 日次バッチ完了 ===
[2025-10-17T10:00:01.383Z] ユーザー 02d004a8-03aa-4b6e-9dd2-94a1995b4360 (hangpingxiaogong@gmail.com) のバッチ処理開始
[2025-10-17T10:00:01.384Z] === 日次バッチ開始 (userId: 02d004a8-03aa-4b6e-9dd2-94a1995b4360) ===
[2025-10-17T10:00:01.384Z] ユーザー設定読み込み完了 (userId: 02d004a8-03aa-4b6e-9dd2-94a1995b4360): Meta=true, Chatwork=true
[2025-10-17T10:00:01.385Z] 使用する日予算: 30000
[2025-10-17T10:00:01.385Z] Meta広告APIからデータ取得開始
[2025-10-17T10:00:01.803Z] Meta広告データ取得成功: 1件
[2025-10-17T10:00:01.806Z] 広告データ読み込み: 13件
[2025-10-17T10:00:01.808Z] 広告データ保存完了: 14件
[2025-10-17T10:00:01.808Z] 通知フラグがfalseのため通知をスキップ
[2025-10-17T10:00:01.808Z] アラート判定は checkAllAlerts() で統一処理します
[2025-10-17T10:00:01.808Z] === 日次バッチ完了 ===
[2025-10-17T10:00:01.809Z] ユーザー 3dab6ad4-6397-4659-b96e-88a3d59bc85b (test123@gmail.com) のバッチ処理開始
[2025-10-17T10:00:01.809Z] === 日次バッチ開始 (userId: 3dab6ad4-6397-4659-b96e-88a3d59bc85b) ===
[2025-10-17T10:00:01.810Z] ユーザー設定読み込み完了 (userId: 3dab6ad4-6397-4659-b96e-88a3d59bc85b): Meta=true, Chatwork=true
[2025-10-17T10:00:01.810Z] 使用する日予算: 50000
[2025-10-17T10:00:01.810Z] Meta広告APIからデータ取得開始
[2025-10-17T10:00:02.427Z] Meta広告データ取得成功: 1件
[2025-10-17T10:00:02.428Z] 広告データ読み込み: 14件
[2025-10-17T10:00:02.428Z] 広告データ保存完了: 15件
[2025-10-17T10:00:02.429Z] 通知フラグがfalseのため通知をスキップ
[2025-10-17T10:00:02.429Z] アラート判定は checkAllAlerts() で統一処理します
[2025-10-17T10:00:02.430Z] === 日次バッチ完了 ===
[2025-10-17T10:00:02.430Z] ユーザー 7fe7e401-a67b-40fb-bdff-0b61b67dc116 (metaapi@test.com) のバッチ処理開始
[2025-10-17T10:00:02.430Z] === 日次バッチ開始 (userId: 7fe7e401-a67b-40fb-bdff-0b61b67dc116) ===
[2025-10-17T10:00:02.431Z] ユーザー設定読み込み完了 (userId: 7fe7e401-a67b-40fb-bdff-0b61b67dc116): Meta=true, Chatwork=true
[2025-10-17T10:00:02.431Z] 使用する日予算: undefined
[2025-10-17T10:00:02.431Z] Meta広告APIからデータ取得開始
[2025-10-17T10:00:02.962Z] Meta広告データ取得成功: 1件
[2025-10-17T10:00:02.963Z] 広告データ読み込み: 15件
[2025-10-17T10:00:02.963Z] 広告データ保存完了: 16件
[2025-10-17T10:00:02.963Z] 通知フラグがfalseのため通知をスキップ
[2025-10-17T10:00:02.963Z] アラート判定は checkAllAlerts() で統一処理します
[2025-10-17T10:00:02.963Z] === 日次バッチ完了 ===
[2025-10-17T10:00:02.964Z] === 全ユーザーバッチ処理完了 ===
[2025-10-17T10:00:09.039Z] 19時のアラート通知送信開始
[2025-10-17T10:00:18.146Z] 19時のアラート通知送信完了
[2025-10-18T06:00:00.722Z] 定期データ取得と更新通知開始
[2025-10-18T06:00:00.726Z] === 全ユーザーバッチ処理開始 ===
[2025-10-18T06:00:00.732Z] アクティブユーザー数: 4
[2025-10-18T06:00:00.732Z] ユーザー b4475ace-303e-4fd1-8740-221154c9b291 (komiya11122@gmail.com) のバッチ処理開始
[2025-10-18T06:00:00.733Z] === 日次バッチ開始 (userId: b4475ace-303e-4fd1-8740-221154c9b291) ===
[2025-10-18T06:00:00.733Z] ユーザー設定読み込み完了 (userId: b4475ace-303e-4fd1-8740-221154c9b291): Meta=true, Chatwork=true
[2025-10-18T06:00:00.733Z] 使用する日予算: 70000
[2025-10-18T06:00:00.733Z] Meta広告APIからデータ取得開始
[2025-10-18T06:00:01.204Z] Meta広告データ取得成功: 1件
[2025-10-18T06:00:01.209Z] 広告データ読み込み: 16件
[2025-10-18T06:00:01.211Z] 広告データ保存完了: 17件
[2025-10-18T06:00:01.211Z] 通知フラグがfalseのため通知をスキップ
[2025-10-18T06:00:01.211Z] アラート判定は checkAllAlerts() で統一処理します
[2025-10-18T06:00:01.212Z] === 日次バッチ完了 ===
[2025-10-18T06:00:01.214Z] ユーザー 02d004a8-03aa-4b6e-9dd2-94a1995b4360 (hangpingxiaogong@gmail.com) のバッチ処理開始
[2025-10-18T06:00:01.214Z] === 日次バッチ開始 (userId: 02d004a8-03aa-4b6e-9dd2-94a1995b4360) ===
[2025-10-18T06:00:01.214Z] ユーザー設定読み込み完了 (userId: 02d004a8-03aa-4b6e-9dd2-94a1995b4360): Meta=true, Chatwork=true
[2025-10-18T06:00:01.215Z] 使用する日予算: 30000
[2025-10-18T06:00:01.215Z] Meta広告APIからデータ取得開始
[2025-10-18T06:00:01.572Z] Meta広告データ取得成功: 1件
[2025-10-18T06:00:01.573Z] 広告データ読み込み: 17件
[2025-10-18T06:00:01.574Z] 広告データ保存完了: 18件
[2025-10-18T06:00:01.575Z] 通知フラグがfalseのため通知をスキップ
[2025-10-18T06:00:01.575Z] アラート判定は checkAllAlerts() で統一処理します
[2025-10-18T06:00:01.575Z] === 日次バッチ完了 ===
[2025-10-18T06:00:01.575Z] ユーザー 3dab6ad4-6397-4659-b96e-88a3d59bc85b (test123@gmail.com) のバッチ処理開始
[2025-10-18T06:00:01.576Z] === 日次バッチ開始 (userId: 3dab6ad4-6397-4659-b96e-88a3d59bc85b) ===
[2025-10-18T06:00:01.576Z] ユーザー設定読み込み完了 (userId: 3dab6ad4-6397-4659-b96e-88a3d59bc85b): Meta=true, Chatwork=true
[2025-10-18T06:00:01.576Z] 使用する日予算: 50000
[2025-10-18T06:00:01.576Z] Meta広告APIからデータ取得開始
[2025-10-18T06:00:01.919Z] Meta広告データ取得成功: 1件
[2025-10-18T06:00:01.920Z] 広告データ読み込み: 18件
[2025-10-18T06:00:01.921Z] 広告データ保存完了: 19件
[2025-10-18T06:00:01.921Z] 通知フラグがfalseのため通知をスキップ
[2025-10-18T06:00:01.921Z] アラート判定は checkAllAlerts() で統一処理します
[2025-10-18T06:00:01.921Z] === 日次バッチ完了 ===
[2025-10-18T06:00:01.922Z] ユーザー 7fe7e401-a67b-40fb-bdff-0b61b67dc116 (metaapi@test.com) のバッチ処理開始
[2025-10-18T06:00:01.922Z] === 日次バッチ開始 (userId: 7fe7e401-a67b-40fb-bdff-0b61b67dc116) ===
[2025-10-18T06:00:01.923Z] ユーザー設定読み込み完了 (userId: 7fe7e401-a67b-40fb-bdff-0b61b67dc116): Meta=true, Chatwork=true
[2025-10-18T06:00:01.923Z] 使用する日予算: undefined
[2025-10-18T06:00:01.923Z] Meta広告APIからデータ取得開始
[2025-10-18T06:00:02.406Z] Meta広告データ取得成功: 1件
[2025-10-18T06:00:02.406Z] 広告データ読み込み: 19件
[2025-10-18T06:00:02.406Z] 広告データ保存完了: 20件
[2025-10-18T06:00:02.407Z] 通知フラグがfalseのため通知をスキップ
[2025-10-18T06:00:02.407Z] アラート判定は checkAllAlerts() で統一処理します
[2025-10-18T06:00:02.407Z] === 日次バッチ完了 ===
[2025-10-18T06:00:02.407Z] === 全ユーザーバッチ処理完了 ===
[2025-10-18T06:00:08.833Z] 15時のアラート通知送信開始
[2025-10-18T06:00:19.245Z] 15時のアラート通知送信完了
