scheduler.jsが実行されました
node:internal/modules/cjs/loader:1372
  throw err;
  ^

Error: Cannot find module 'node-cron'
Require stack:
- /Users/komiyakouhei/Desktop/meta-ads-dashboard-main4/scheduler.js
    at Module._resolveFilename (node:internal/modules/cjs/loader:1369:15)
    at defaultResolveImpl (node:internal/modules/cjs/loader:1025:19)
    at resolveForCJSWithHooks (node:internal/modules/cjs/loader:1030:22)
    at Module._load (node:internal/modules/cjs/loader:1179:37)
    at TracingChannel.traceSync (node:diagnostics_channel:322:14)
    at wrapModuleLoad (node:internal/modules/cjs/loader:235:24)
    at Module.require (node:internal/modules/cjs/loader:1449:12)
    at require (node:internal/modules/helpers:135:16)
    at Object.<anonymous> (/Users/komiyakouhei/Desktop/meta-ads-dashboard-main4/scheduler.js:2:14)
    at Module._compile (node:internal/modules/cjs/loader:1692:14) {
  code: 'MODULE_NOT_FOUND',
  requireStack: [
    '/Users/komiyakouhei/Desktop/meta-ads-dashboard-main4/scheduler.js'
  ]
}

Node.js v24.3.0
